TpTrace Verbose: 0 : 8200, 1, 2021/10/12, 21:04:46.842, 6346538082097, vstest.console.dll, Version: 16.10.0-release-20210520-03
TpTrace Information: 0 : 8200, 1, 2021/10/12, 21:04:46.854, 6346538189461, vstest.console.dll, FilePatternParser: The given file C:\Users\André Giuseppin\Desktop\Projetos\xunit-testes\XUnit.Api\XUnit.Test\bin\Debug\net5.0\fine-code-coverage\build-output\XUnit.Test.dll is a full path.
TpTrace Verbose: 0 : 8200, 1, 2021/10/12, 21:04:46.863, 6346538277091, vstest.console.dll, TestPluginCache.DiscoverTestExtensions: finding test extensions in assemblies ends with: RuntimeProvider.dll TPluginInfo: Microsoft.VisualStudio.TestPlatform.Common.ExtensionFramework.Utilities.TestRuntimePluginInformation TExtension: Microsoft.VisualStudio.TestPlatform.ObjectModel.Host.ITestRuntimeProvider
TpTrace Verbose: 0 : 8200, 1, 2021/10/12, 21:04:46.864, 6346538288255, vstest.console.dll, TestPluginCache.GetExtensionPaths: Filtered extension paths: 
TpTrace Verbose: 0 : 8200, 1, 2021/10/12, 21:04:46.864, 6346538289393, vstest.console.dll, TestPluginCache.GetExtensionPaths: Added default extension paths: C:\Program Files\dotnet\sdk\5.0.301\Extensions\Microsoft.Diagnostics.NETCore.Client.dll
C:\Program Files\dotnet\sdk\5.0.301\Extensions\Microsoft.TestPlatform.Extensions.BlameDataCollector.dll
C:\Program Files\dotnet\sdk\5.0.301\Extensions\Microsoft.TestPlatform.Extensions.EventLogCollector.dll
C:\Program Files\dotnet\sdk\5.0.301\Extensions\Microsoft.TestPlatform.TestHostRuntimeProvider.dll
C:\Program Files\dotnet\sdk\5.0.301\Extensions\Microsoft.VisualStudio.TestPlatform.Extensions.Html.TestLogger.dll
C:\Program Files\dotnet\sdk\5.0.301\Extensions\Microsoft.VisualStudio.TestPlatform.Extensions.Trx.TestLogger.dll
TpTrace Verbose: 0 : 8200, 1, 2021/10/12, 21:04:46.864, 6346538289781, vstest.console.dll, TestPluginCache.GetExtensionPaths: Added unfilterableExtensionPaths: 
TpTrace Information: 0 : 8200, 1, 2021/10/12, 21:04:46.865, 6346538298131, vstest.console.dll, AssemblyResolver.ctor: Creating AssemblyResolver with searchDirectories C:\Program Files\dotnet\sdk\5.0.301\Extensions,C:\Program Files\dotnet\sdk\5.0.301
TpTrace Verbose: 0 : 8200, 1, 2021/10/12, 21:04:46.866, 6346538308844, vstest.console.dll, TestPluginCache.DiscoverTestExtensions: Discovering the extensions using extension path.
TpTrace Verbose: 0 : 8200, 1, 2021/10/12, 21:04:46.866, 6346538310713, vstest.console.dll, TestPluginCache.GetExtensionPaths: Filtered extension paths: 
TpTrace Verbose: 0 : 8200, 1, 2021/10/12, 21:04:46.866, 6346538311198, vstest.console.dll, TestPluginCache.GetExtensionPaths: Added default extension paths: C:\Program Files\dotnet\sdk\5.0.301\Extensions\Microsoft.Diagnostics.NETCore.Client.dll
C:\Program Files\dotnet\sdk\5.0.301\Extensions\Microsoft.TestPlatform.Extensions.BlameDataCollector.dll
C:\Program Files\dotnet\sdk\5.0.301\Extensions\Microsoft.TestPlatform.Extensions.EventLogCollector.dll
C:\Program Files\dotnet\sdk\5.0.301\Extensions\Microsoft.TestPlatform.TestHostRuntimeProvider.dll
C:\Program Files\dotnet\sdk\5.0.301\Extensions\Microsoft.VisualStudio.TestPlatform.Extensions.Html.TestLogger.dll
C:\Program Files\dotnet\sdk\5.0.301\Extensions\Microsoft.VisualStudio.TestPlatform.Extensions.Trx.TestLogger.dll
TpTrace Verbose: 0 : 8200, 1, 2021/10/12, 21:04:46.866, 6346538311520, vstest.console.dll, TestPluginCache.GetExtensionPaths: Added unfilterableExtensionPaths: 
TpTrace Verbose: 0 : 8200, 1, 2021/10/12, 21:04:46.866, 6346538312261, vstest.console.dll, TestPluginCache.DiscoverTestExtensions: Discovering the extensions using allExtensionPaths: C:\Program Files\dotnet\sdk\5.0.301\Extensions\Microsoft.Diagnostics.NETCore.Client.dll
C:\Program Files\dotnet\sdk\5.0.301\Extensions\Microsoft.TestPlatform.Extensions.BlameDataCollector.dll
C:\Program Files\dotnet\sdk\5.0.301\Extensions\Microsoft.TestPlatform.Extensions.EventLogCollector.dll
C:\Program Files\dotnet\sdk\5.0.301\Extensions\Microsoft.TestPlatform.TestHostRuntimeProvider.dll
C:\Program Files\dotnet\sdk\5.0.301\Extensions\Microsoft.VisualStudio.TestPlatform.Extensions.Html.TestLogger.dll
C:\Program Files\dotnet\sdk\5.0.301\Extensions\Microsoft.VisualStudio.TestPlatform.Extensions.Trx.TestLogger.dll
TpTrace Information: 0 : 8200, 1, 2021/10/12, 21:04:46.866, 6346538314156, vstest.console.dll, AssemblyResolver.AddSearchDirectories: Adding more searchDirectories C:\Program Files\dotnet\sdk\5.0.301\Extensions,C:\Program Files\dotnet\sdk\5.0.301
TpTrace Information: 0 : 8200, 1, 2021/10/12, 21:04:46.866, 6346538314931, vstest.console.dll, AssemblyResolver.AddSearchDirectories: Adding more searchDirectories C:\Program Files\dotnet\sdk\5.0.301\Extensions,C:\Program Files\dotnet\sdk\5.0.301
TpTrace Information: 0 : 8200, 1, 2021/10/12, 21:04:46.866, 6346538315323, vstest.console.dll, AssemblyResolver.AddSearchDirectories: Adding more searchDirectories C:\Program Files\dotnet\sdk\5.0.301\Extensions,C:\Program Files\dotnet\sdk\5.0.301
TpTrace Information: 0 : 8200, 1, 2021/10/12, 21:04:46.867, 6346538318367, vstest.console.dll, AssemblyResolver.AddSearchDirectories: Adding more searchDirectories C:\Program Files\dotnet\sdk\5.0.301\Extensions,C:\Program Files\dotnet\sdk\5.0.301
TpTrace Information: 0 : 8200, 1, 2021/10/12, 21:04:46.867, 6346538319244, vstest.console.dll, AssemblyResolver.AddSearchDirectories: Adding more searchDirectories C:\Program Files\dotnet\sdk\5.0.301\Extensions,C:\Program Files\dotnet\sdk\5.0.301
TpTrace Information: 0 : 8200, 1, 2021/10/12, 21:04:46.867, 6346538319597, vstest.console.dll, AssemblyResolver.AddSearchDirectories: Adding more searchDirectories C:\Program Files\dotnet\sdk\5.0.301\Extensions,C:\Program Files\dotnet\sdk\5.0.301
TpTrace Information: 0 : 8200, 1, 2021/10/12, 21:04:46.867, 6346538324028, vstest.console.dll, AssemblyResolver.OnResolve: Microsoft.Diagnostics.NETCore.Client: Resolving assembly.
TpTrace Information: 0 : 8200, 1, 2021/10/12, 21:04:46.867, 6346538324843, vstest.console.dll, AssemblyResolver.OnResolve: Microsoft.Diagnostics.NETCore.Client: Searching in: 'C:\Program Files\dotnet\sdk\5.0.301\Extensions'.
TpTrace Information: 0 : 8200, 1, 2021/10/12, 21:04:46.868, 6346538333155, vstest.console.dll, AssemblyResolver.OnResolve: Microsoft.Diagnostics.NETCore.Client: Loading assembly 'C:\Program Files\dotnet\sdk\5.0.301\Extensions\Microsoft.Diagnostics.NETCore.Client.dll'.
TpTrace Information: 0 : 8200, 1, 2021/10/12, 21:04:46.869, 6346538343522, vstest.console.dll, AssemblyResolver.OnResolve: Resolved assembly: Microsoft.Diagnostics.NETCore.Client, from path: C:\Program Files\dotnet\sdk\5.0.301\Extensions\Microsoft.Diagnostics.NETCore.Client.dll
TpTrace Information: 0 : 8200, 1, 2021/10/12, 21:04:46.874, 6346538390295, vstest.console.dll, AssemblyResolver.OnResolve: Microsoft.Bcl.AsyncInterfaces: Resolving assembly.
TpTrace Information: 0 : 8200, 1, 2021/10/12, 21:04:46.874, 6346538391642, vstest.console.dll, AssemblyResolver.OnResolve: Microsoft.Bcl.AsyncInterfaces: Searching in: 'C:\Program Files\dotnet\sdk\5.0.301\Extensions'.
TpTrace Information: 0 : 8200, 1, 2021/10/12, 21:04:46.874, 6346538393049, vstest.console.dll, AssemblyResolver.OnResolve: Microsoft.Bcl.AsyncInterfaces: Assembly path does not exist: 'C:\Program Files\dotnet\sdk\5.0.301\Extensions\Microsoft.Bcl.AsyncInterfaces.dll', returning.
TpTrace Information: 0 : 8200, 1, 2021/10/12, 21:04:46.874, 6346538394244, vstest.console.dll, AssemblyResolver.OnResolve: Microsoft.Bcl.AsyncInterfaces: Assembly path does not exist: 'C:\Program Files\dotnet\sdk\5.0.301\Extensions\Microsoft.Bcl.AsyncInterfaces.exe', returning.
TpTrace Information: 0 : 8200, 1, 2021/10/12, 21:04:46.874, 6346538394829, vstest.console.dll, AssemblyResolver.OnResolve: Microsoft.Bcl.AsyncInterfaces: Searching in: 'C:\Program Files\dotnet\sdk\5.0.301'.
TpTrace Information: 0 : 8200, 1, 2021/10/12, 21:04:46.875, 6346538395975, vstest.console.dll, AssemblyResolver.OnResolve: Microsoft.Bcl.AsyncInterfaces: Assembly path does not exist: 'C:\Program Files\dotnet\sdk\5.0.301\Microsoft.Bcl.AsyncInterfaces.dll', returning.
TpTrace Information: 0 : 8200, 1, 2021/10/12, 21:04:46.875, 6346538397049, vstest.console.dll, AssemblyResolver.OnResolve: Microsoft.Bcl.AsyncInterfaces: Assembly path does not exist: 'C:\Program Files\dotnet\sdk\5.0.301\Microsoft.Bcl.AsyncInterfaces.exe', returning.
TpTrace Information: 0 : 8200, 1, 2021/10/12, 21:04:46.875, 6346538398341, vstest.console.dll, AssemblyResolver.OnResolve: Microsoft.Bcl.AsyncInterfaces: Failed to load assembly.
TpTrace Verbose: 0 : 8200, 1, 2021/10/12, 21:04:46.875, 6346538399268, vstest.console.dll, CurrentDomainAssemblyResolve: Resolving assembly 'Microsoft.Bcl.AsyncInterfaces'.
TpTrace Information: 0 : 8200, 1, 2021/10/12, 21:04:46.875, 6346538400479, vstest.console.dll, AssemblyResolver.OnResolve: Microsoft.Bcl.AsyncInterfaces: Resolving assembly.
TpTrace Information: 0 : 8200, 1, 2021/10/12, 21:04:46.875, 6346538401162, vstest.console.dll, AssemblyResolver.OnResolve: Microsoft.Bcl.AsyncInterfaces: Resolved from cache.
TpTrace Verbose: 0 : 8200, 1, 2021/10/12, 21:04:46.875, 6346538401689, vstest.console.dll, CurrentDomainAssemblyResolve: Resolving assembly 'Microsoft.Bcl.AsyncInterfaces'.
TpTrace Verbose: 0 : 8200, 1, 2021/10/12, 21:04:46.875, 6346538402302, vstest.console.dll, CurrentDomainAssemblyResolve: Failed to resolve assembly 'Microsoft.Bcl.AsyncInterfaces'.
TpTrace Verbose: 0 : 8200, 1, 2021/10/12, 21:04:46.876, 6346538413549, vstest.console.dll, CurrentDomainAssemblyResolve: Failed to resolve assembly 'Microsoft.Bcl.AsyncInterfaces'.
TpTrace Warning: 0 : 8200, 1, 2021/10/12, 21:04:46.893, 6346538584545, vstest.console.dll, TestPluginDiscoverer: Failed to get types from assembly 'Microsoft.Diagnostics.NETCore.Client, Version=0.2.2.41902, Culture=neutral, PublicKeyToken=31bf3856ad364e35'.  Skipping test extension scan for this assembly.  Error: System.Reflection.ReflectionTypeLoadException: Unable to load one or more of the requested types.
Could not load file or assembly 'Microsoft.Bcl.AsyncInterfaces, Version=1.0.0.0, Culture=neutral, PublicKeyToken=cc7b13ffcd2ddd51'. O sistema não pode encontrar o arquivo especificado.
   at System.Reflection.RuntimeModule.GetTypes(RuntimeModule module)
   at System.Reflection.RuntimeModule.GetTypes()
   at System.Reflection.Assembly.GetTypes()
   at Microsoft.VisualStudio.TestPlatform.Common.ExtensionFramework.TestPluginDiscoverer.GetTestExtensionsFromAssembly[TPluginInfo,TExtension](Assembly assembly, Dictionary`2 pluginInfos)
System.IO.FileNotFoundException: Could not load file or assembly 'Microsoft.Bcl.AsyncInterfaces, Version=1.0.0.0, Culture=neutral, PublicKeyToken=cc7b13ffcd2ddd51'. O sistema não pode encontrar o arquivo especificado.
File name: 'Microsoft.Bcl.AsyncInterfaces, Version=1.0.0.0, Culture=neutral, PublicKeyToken=cc7b13ffcd2ddd51'
TpTrace Warning: 0 : 8200, 1, 2021/10/12, 21:04:46.894, 6346538585930, vstest.console.dll, LoaderExceptions: System.IO.FileNotFoundException: Could not load file or assembly 'Microsoft.Bcl.AsyncInterfaces, Version=1.0.0.0, Culture=neutral, PublicKeyToken=cc7b13ffcd2ddd51'. O sistema não pode encontrar o arquivo especificado.
File name: 'Microsoft.Bcl.AsyncInterfaces, Version=1.0.0.0, Culture=neutral, PublicKeyToken=cc7b13ffcd2ddd51'
TpTrace Information: 0 : 8200, 1, 2021/10/12, 21:04:46.894, 6346538587175, vstest.console.dll, AssemblyResolver.OnResolve: Microsoft.TestPlatform.Extensions.BlameDataCollector: Resolving assembly.
TpTrace Information: 0 : 8200, 1, 2021/10/12, 21:04:46.894, 6346538587626, vstest.console.dll, AssemblyResolver.OnResolve: Microsoft.TestPlatform.Extensions.BlameDataCollector: Searching in: 'C:\Program Files\dotnet\sdk\5.0.301\Extensions'.
TpTrace Information: 0 : 8200, 1, 2021/10/12, 21:04:46.894, 6346538594337, vstest.console.dll, AssemblyResolver.OnResolve: Microsoft.TestPlatform.Extensions.BlameDataCollector: Loading assembly 'C:\Program Files\dotnet\sdk\5.0.301\Extensions\Microsoft.TestPlatform.Extensions.BlameDataCollector.dll'.
TpTrace Information: 0 : 8200, 1, 2021/10/12, 21:04:46.895, 6346538603777, vstest.console.dll, AssemblyResolver.OnResolve: Resolved assembly: Microsoft.TestPlatform.Extensions.BlameDataCollector, from path: C:\Program Files\dotnet\sdk\5.0.301\Extensions\Microsoft.TestPlatform.Extensions.BlameDataCollector.dll
TpTrace Information: 0 : 8200, 1, 2021/10/12, 21:04:46.896, 6346538612021, vstest.console.dll, AssemblyResolver.OnResolve: Microsoft.TestPlatform.Extensions.EventLogCollector: Resolving assembly.
TpTrace Information: 0 : 8200, 1, 2021/10/12, 21:04:46.896, 6346538613113, vstest.console.dll, AssemblyResolver.OnResolve: Microsoft.TestPlatform.Extensions.EventLogCollector: Searching in: 'C:\Program Files\dotnet\sdk\5.0.301\Extensions'.
TpTrace Information: 0 : 8200, 1, 2021/10/12, 21:04:46.897, 6346538620321, vstest.console.dll, AssemblyResolver.OnResolve: Microsoft.TestPlatform.Extensions.EventLogCollector: Loading assembly 'C:\Program Files\dotnet\sdk\5.0.301\Extensions\Microsoft.TestPlatform.Extensions.EventLogCollector.dll'.
TpTrace Information: 0 : 8200, 1, 2021/10/12, 21:04:46.898, 6346538627912, vstest.console.dll, AssemblyResolver.OnResolve: Resolved assembly: Microsoft.TestPlatform.Extensions.EventLogCollector, from path: C:\Program Files\dotnet\sdk\5.0.301\Extensions\Microsoft.TestPlatform.Extensions.EventLogCollector.dll
TpTrace Information: 0 : 8200, 1, 2021/10/12, 21:04:46.899, 6346538644635, vstest.console.dll, AssemblyResolver.OnResolve: Microsoft.TestPlatform.TestHostRuntimeProvider: Resolving assembly.
TpTrace Information: 0 : 8200, 1, 2021/10/12, 21:04:46.899, 6346538645659, vstest.console.dll, AssemblyResolver.OnResolve: Microsoft.TestPlatform.TestHostRuntimeProvider: Searching in: 'C:\Program Files\dotnet\sdk\5.0.301\Extensions'.
TpTrace Information: 0 : 8200, 1, 2021/10/12, 21:04:46.900, 6346538652097, vstest.console.dll, AssemblyResolver.OnResolve: Microsoft.TestPlatform.TestHostRuntimeProvider: Loading assembly 'C:\Program Files\dotnet\sdk\5.0.301\Extensions\Microsoft.TestPlatform.TestHostRuntimeProvider.dll'.
TpTrace Information: 0 : 8200, 1, 2021/10/12, 21:04:46.901, 6346538658745, vstest.console.dll, AssemblyResolver.OnResolve: Resolved assembly: Microsoft.TestPlatform.TestHostRuntimeProvider, from path: C:\Program Files\dotnet\sdk\5.0.301\Extensions\Microsoft.TestPlatform.TestHostRuntimeProvider.dll
TpTrace Information: 0 : 8200, 1, 2021/10/12, 21:04:46.902, 6346538672398, vstest.console.dll, AssemblyResolver.OnResolve: Microsoft.VisualStudio.TestPlatform.Extensions.Html.TestLogger: Resolving assembly.
TpTrace Information: 0 : 8200, 1, 2021/10/12, 21:04:46.902, 6346538673265, vstest.console.dll, AssemblyResolver.OnResolve: Microsoft.VisualStudio.TestPlatform.Extensions.Html.TestLogger: Searching in: 'C:\Program Files\dotnet\sdk\5.0.301\Extensions'.
TpTrace Information: 0 : 8200, 1, 2021/10/12, 21:04:46.903, 6346538678660, vstest.console.dll, AssemblyResolver.OnResolve: Microsoft.VisualStudio.TestPlatform.Extensions.Html.TestLogger: Loading assembly 'C:\Program Files\dotnet\sdk\5.0.301\Extensions\Microsoft.VisualStudio.TestPlatform.Extensions.Html.TestLogger.dll'.
TpTrace Information: 0 : 8200, 1, 2021/10/12, 21:04:46.903, 6346538684609, vstest.console.dll, AssemblyResolver.OnResolve: Resolved assembly: Microsoft.VisualStudio.TestPlatform.Extensions.Html.TestLogger, from path: C:\Program Files\dotnet\sdk\5.0.301\Extensions\Microsoft.VisualStudio.TestPlatform.Extensions.Html.TestLogger.dll
TpTrace Information: 0 : 8200, 1, 2021/10/12, 21:04:46.904, 6346538688896, vstest.console.dll, AssemblyResolver.OnResolve: Microsoft.VisualStudio.TestPlatform.Extensions.Trx.TestLogger: Resolving assembly.
TpTrace Information: 0 : 8200, 1, 2021/10/12, 21:04:46.904, 6346538689503, vstest.console.dll, AssemblyResolver.OnResolve: Microsoft.VisualStudio.TestPlatform.Extensions.Trx.TestLogger: Searching in: 'C:\Program Files\dotnet\sdk\5.0.301\Extensions'.
TpTrace Information: 0 : 8200, 1, 2021/10/12, 21:04:46.904, 6346538695755, vstest.console.dll, AssemblyResolver.OnResolve: Microsoft.VisualStudio.TestPlatform.Extensions.Trx.TestLogger: Loading assembly 'C:\Program Files\dotnet\sdk\5.0.301\Extensions\Microsoft.VisualStudio.TestPlatform.Extensions.Trx.TestLogger.dll'.
TpTrace Information: 0 : 8200, 1, 2021/10/12, 21:04:46.905, 6346538703425, vstest.console.dll, AssemblyResolver.OnResolve: Resolved assembly: Microsoft.VisualStudio.TestPlatform.Extensions.Trx.TestLogger, from path: C:\Program Files\dotnet\sdk\5.0.301\Extensions\Microsoft.VisualStudio.TestPlatform.Extensions.Trx.TestLogger.dll
TpTrace Verbose: 0 : 8200, 1, 2021/10/12, 21:04:46.906, 6346538711212, vstest.console.dll, TestPluginCache: Discovered the extensions using extension path ''.
TpTrace Verbose: 0 : 8200, 1, 2021/10/12, 21:04:46.906, 6346538712154, vstest.console.dll, TestPluginCache: Discoverers are ''.
TpTrace Verbose: 0 : 8200, 1, 2021/10/12, 21:04:46.906, 6346538712517, vstest.console.dll, TestPluginCache: Executors are ''.
TpTrace Verbose: 0 : 8200, 1, 2021/10/12, 21:04:46.906, 6346538712833, vstest.console.dll, TestPluginCache: Executors2 are ''.
TpTrace Verbose: 0 : 8200, 1, 2021/10/12, 21:04:46.906, 6346538713144, vstest.console.dll, TestPluginCache: Setting providers are ''.
TpTrace Verbose: 0 : 8200, 1, 2021/10/12, 21:04:46.906, 6346538713449, vstest.console.dll, TestPluginCache: Loggers are ''.
TpTrace Information: 0 : 8200, 1, 2021/10/12, 21:04:46.911, 6346538758374, vstest.console.dll, RunTestsArgumentProcessor:Execute: Test run is starting.
TpTrace Verbose: 0 : 8200, 1, 2021/10/12, 21:04:46.911, 6346538759348, vstest.console.dll, RunTestsArgumentProcessor:Execute: Queuing Test run.
TpTrace Information: 0 : 8200, 1, 2021/10/12, 21:04:46.911, 6346538761069, vstest.console.dll, TestRequestManager.RunTests: run tests started.
TpTrace Information: 0 : 8200, 1, 2021/10/12, 21:04:46.985, 6346539500389, vstest.console.dll, AssemblyMetadataProvider.GetFrameWork: Determined framework:'.NETCoreApp,Version=v5.0' for source: 'C:\Users\André Giuseppin\Desktop\Projetos\xunit-testes\XUnit.Api\XUnit.Test\bin\Debug\net5.0\fine-code-coverage\build-output\XUnit.Test.dll'
TpTrace Information: 0 : 8200, 1, 2021/10/12, 21:04:46.985, 6346539502791, vstest.console.dll, Determined framework for all sources: .NETCoreApp,Version=v5.0
TpTrace Information: 0 : 8200, 1, 2021/10/12, 21:04:46.986, 6346539508128, vstest.console.dll, AssemblyMetadataProvider.GetArchitecture: Determined architecture:AnyCPU info for assembly: C:\Users\André Giuseppin\Desktop\Projetos\xunit-testes\XUnit.Api\XUnit.Test\bin\Debug\net5.0\fine-code-coverage\build-output\XUnit.Test.dll
TpTrace Information: 0 : 8200, 1, 2021/10/12, 21:04:46.988, 6346539531060, vstest.console.dll, Determined platform for all sources: X64
TpTrace Information: 0 : 8200, 1, 2021/10/12, 21:04:46.991, 6346539562175, vstest.console.dll, Compatible sources list : 
TpTrace Information: 0 : 8200, 1, 2021/10/12, 21:04:46.991, 6346539563479, vstest.console.dll, C:\Users\André Giuseppin\Desktop\Projetos\xunit-testes\XUnit.Api\XUnit.Test\bin\Debug\net5.0\fine-code-coverage\build-output\XUnit.Test.dll
TpTrace Information: 0 : 8200, 1, 2021/10/12, 21:04:46.994, 6346539588468, vstest.console.dll, InferRunSettingsHelper.IsTestSettingsEnabled: Unable to navigate to RunSettings/MSTest. Current node: RunSettings
TpTrace Information: 0 : 8200, 1, 2021/10/12, 21:04:46.995, 6346539596534, vstest.console.dll, AssemblyResolver.OnResolve: Microsoft.VisualStudio.TestPlatform.Fakes: Resolving assembly.
TpTrace Information: 0 : 8200, 1, 2021/10/12, 21:04:46.995, 6346539597330, vstest.console.dll, AssemblyResolver.OnResolve: Microsoft.VisualStudio.TestPlatform.Fakes: Searching in: 'C:\Program Files\dotnet\sdk\5.0.301\Extensions'.
TpTrace Information: 0 : 8200, 1, 2021/10/12, 21:04:46.995, 6346539598428, vstest.console.dll, AssemblyResolver.OnResolve: Microsoft.VisualStudio.TestPlatform.Fakes: Assembly path does not exist: 'C:\Program Files\dotnet\sdk\5.0.301\Extensions\Microsoft.VisualStudio.TestPlatform.Fakes.dll', returning.
TpTrace Information: 0 : 8200, 1, 2021/10/12, 21:04:46.995, 6346539599372, vstest.console.dll, AssemblyResolver.OnResolve: Microsoft.VisualStudio.TestPlatform.Fakes: Assembly path does not exist: 'C:\Program Files\dotnet\sdk\5.0.301\Extensions\Microsoft.VisualStudio.TestPlatform.Fakes.exe', returning.
TpTrace Information: 0 : 8200, 1, 2021/10/12, 21:04:46.995, 6346539600514, vstest.console.dll, AssemblyResolver.OnResolve: Microsoft.VisualStudio.TestPlatform.Fakes: Searching in: 'C:\Program Files\dotnet\sdk\5.0.301'.
TpTrace Information: 0 : 8200, 1, 2021/10/12, 21:04:46.995, 6346539601346, vstest.console.dll, AssemblyResolver.OnResolve: Microsoft.VisualStudio.TestPlatform.Fakes: Assembly path does not exist: 'C:\Program Files\dotnet\sdk\5.0.301\Microsoft.VisualStudio.TestPlatform.Fakes.dll', returning.
TpTrace Information: 0 : 8200, 1, 2021/10/12, 21:04:46.995, 6346539602198, vstest.console.dll, AssemblyResolver.OnResolve: Microsoft.VisualStudio.TestPlatform.Fakes: Assembly path does not exist: 'C:\Program Files\dotnet\sdk\5.0.301\Microsoft.VisualStudio.TestPlatform.Fakes.exe', returning.
TpTrace Information: 0 : 8200, 1, 2021/10/12, 21:04:46.995, 6346539602540, vstest.console.dll, AssemblyResolver.OnResolve: Microsoft.VisualStudio.TestPlatform.Fakes: Failed to load assembly.
TpTrace Information: 0 : 8200, 1, 2021/10/12, 21:04:46.996, 6346539606372, vstest.console.dll, Failed to create newly implemented Fakes Configurator. Reason:System.IO.FileNotFoundException: Could not load file or assembly 'Microsoft.VisualStudio.TestPlatform.Fakes, Version=16.0.0.0, Culture=neutral, PublicKeyToken=null'. O sistema não pode encontrar o arquivo especificado.
File name: 'Microsoft.VisualStudio.TestPlatform.Fakes, Version=16.0.0.0, Culture=neutral, PublicKeyToken=null'
   at System.Reflection.RuntimeAssembly.InternalLoad(ObjectHandleOnStack assemblyName, ObjectHandleOnStack requestingAssembly, StackCrawlMarkHandle stackMark, Boolean throwOnFileNotFound, ObjectHandleOnStack assemblyLoadContext, ObjectHandleOnStack retAssembly)
   at System.Reflection.RuntimeAssembly.InternalLoad(AssemblyName assemblyName, RuntimeAssembly requestingAssembly, StackCrawlMark& stackMark, Boolean throwOnFileNotFound, AssemblyLoadContext assemblyLoadContext)
   at System.Reflection.Assembly.Load(AssemblyName assemblyRef)
   at Microsoft.VisualStudio.TestPlatform.Common.Utilities.FakesUtilities.TryGetFakesCrossPlatformDataCollectorConfigurator() 
TpTrace Verbose: 0 : 8200, 1, 2021/10/12, 21:04:47.000, 6346539646071, vstest.console.dll, TestPluginCache.DiscoverTestExtensions: finding test extensions in assemblies ends with: TestLogger.dll TPluginInfo: Microsoft.VisualStudio.TestPlatform.Common.ExtensionFramework.Utilities.TestLoggerPluginInformation TExtension: Microsoft.VisualStudio.TestPlatform.ObjectModel.Client.ITestLogger
TpTrace Verbose: 0 : 8200, 1, 2021/10/12, 21:04:47.000, 6346539647757, vstest.console.dll, TestPluginCache.GetExtensionPaths: Filtered extension paths: 
TpTrace Verbose: 0 : 8200, 1, 2021/10/12, 21:04:47.000, 6346539648399, vstest.console.dll, TestPluginCache.GetExtensionPaths: Added default extension paths: C:\Program Files\dotnet\sdk\5.0.301\Extensions\Microsoft.Diagnostics.NETCore.Client.dll
C:\Program Files\dotnet\sdk\5.0.301\Extensions\Microsoft.TestPlatform.Extensions.BlameDataCollector.dll
C:\Program Files\dotnet\sdk\5.0.301\Extensions\Microsoft.TestPlatform.Extensions.EventLogCollector.dll
C:\Program Files\dotnet\sdk\5.0.301\Extensions\Microsoft.TestPlatform.TestHostRuntimeProvider.dll
C:\Program Files\dotnet\sdk\5.0.301\Extensions\Microsoft.VisualStudio.TestPlatform.Extensions.Html.TestLogger.dll
C:\Program Files\dotnet\sdk\5.0.301\Extensions\Microsoft.VisualStudio.TestPlatform.Extensions.Trx.TestLogger.dll
TpTrace Verbose: 0 : 8200, 1, 2021/10/12, 21:04:47.000, 6346539649071, vstest.console.dll, TestPluginCache.GetExtensionPaths: Added unfilterableExtensionPaths: 
TpTrace Information: 0 : 8200, 1, 2021/10/12, 21:04:47.000, 6346539651841, vstest.console.dll, AssemblyResolver.AddSearchDirectories: Adding more searchDirectories C:\Program Files\dotnet\sdk\5.0.301\Extensions,C:\Program Files\dotnet\sdk\5.0.301
TpTrace Verbose: 0 : 8200, 1, 2021/10/12, 21:04:47.000, 6346539652707, vstest.console.dll, TestPluginCache.DiscoverTestExtensions: Discovering the extensions using extension path.
TpTrace Verbose: 0 : 8200, 1, 2021/10/12, 21:04:47.000, 6346539654560, vstest.console.dll, TestPluginCache.GetExtensionPaths: Filtered extension paths: 
TpTrace Verbose: 0 : 8200, 1, 2021/10/12, 21:04:47.000, 6346539655237, vstest.console.dll, TestPluginCache.GetExtensionPaths: Added default extension paths: C:\Program Files\dotnet\sdk\5.0.301\Extensions\Microsoft.Diagnostics.NETCore.Client.dll
C:\Program Files\dotnet\sdk\5.0.301\Extensions\Microsoft.TestPlatform.Extensions.BlameDataCollector.dll
C:\Program Files\dotnet\sdk\5.0.301\Extensions\Microsoft.TestPlatform.Extensions.EventLogCollector.dll
C:\Program Files\dotnet\sdk\5.0.301\Extensions\Microsoft.TestPlatform.TestHostRuntimeProvider.dll
C:\Program Files\dotnet\sdk\5.0.301\Extensions\Microsoft.VisualStudio.TestPlatform.Extensions.Html.TestLogger.dll
C:\Program Files\dotnet\sdk\5.0.301\Extensions\Microsoft.VisualStudio.TestPlatform.Extensions.Trx.TestLogger.dll
TpTrace Verbose: 0 : 8200, 1, 2021/10/12, 21:04:47.001, 6346539655882, vstest.console.dll, TestPluginCache.GetExtensionPaths: Added unfilterableExtensionPaths: 
TpTrace Verbose: 0 : 8200, 1, 2021/10/12, 21:04:47.001, 6346539656473, vstest.console.dll, TestPluginCache.DiscoverTestExtensions: Discovering the extensions using allExtensionPaths: C:\Program Files\dotnet\sdk\5.0.301\Extensions\Microsoft.Diagnostics.NETCore.Client.dll
C:\Program Files\dotnet\sdk\5.0.301\Extensions\Microsoft.TestPlatform.Extensions.BlameDataCollector.dll
C:\Program Files\dotnet\sdk\5.0.301\Extensions\Microsoft.TestPlatform.Extensions.EventLogCollector.dll
C:\Program Files\dotnet\sdk\5.0.301\Extensions\Microsoft.TestPlatform.TestHostRuntimeProvider.dll
C:\Program Files\dotnet\sdk\5.0.301\Extensions\Microsoft.VisualStudio.TestPlatform.Extensions.Html.TestLogger.dll
C:\Program Files\dotnet\sdk\5.0.301\Extensions\Microsoft.VisualStudio.TestPlatform.Extensions.Trx.TestLogger.dll
TpTrace Information: 0 : 8200, 1, 2021/10/12, 21:04:47.001, 6346539657346, vstest.console.dll, AssemblyResolver.AddSearchDirectories: Adding more searchDirectories C:\Program Files\dotnet\sdk\5.0.301\Extensions,C:\Program Files\dotnet\sdk\5.0.301
TpTrace Information: 0 : 8200, 1, 2021/10/12, 21:04:47.001, 6346539657983, vstest.console.dll, AssemblyResolver.AddSearchDirectories: Adding more searchDirectories C:\Program Files\dotnet\sdk\5.0.301\Extensions,C:\Program Files\dotnet\sdk\5.0.301
TpTrace Information: 0 : 8200, 1, 2021/10/12, 21:04:47.001, 6346539658541, vstest.console.dll, AssemblyResolver.AddSearchDirectories: Adding more searchDirectories C:\Program Files\dotnet\sdk\5.0.301\Extensions,C:\Program Files\dotnet\sdk\5.0.301
TpTrace Information: 0 : 8200, 1, 2021/10/12, 21:04:47.001, 6346539659081, vstest.console.dll, AssemblyResolver.AddSearchDirectories: Adding more searchDirectories C:\Program Files\dotnet\sdk\5.0.301\Extensions,C:\Program Files\dotnet\sdk\5.0.301
TpTrace Information: 0 : 8200, 1, 2021/10/12, 21:04:47.001, 6346539659736, vstest.console.dll, AssemblyResolver.AddSearchDirectories: Adding more searchDirectories C:\Program Files\dotnet\sdk\5.0.301\Extensions,C:\Program Files\dotnet\sdk\5.0.301
TpTrace Information: 0 : 8200, 1, 2021/10/12, 21:04:47.001, 6346539660304, vstest.console.dll, AssemblyResolver.AddSearchDirectories: Adding more searchDirectories C:\Program Files\dotnet\sdk\5.0.301\Extensions,C:\Program Files\dotnet\sdk\5.0.301
TpTrace Information: 0 : 8200, 1, 2021/10/12, 21:04:47.001, 6346539664887, vstest.console.dll, AssemblyResolver.OnResolve: Microsoft.Bcl.AsyncInterfaces: Resolving assembly.
TpTrace Information: 0 : 8200, 1, 2021/10/12, 21:04:47.002, 6346539665785, vstest.console.dll, AssemblyResolver.OnResolve: Microsoft.Bcl.AsyncInterfaces: Resolved from cache.
TpTrace Verbose: 0 : 8200, 1, 2021/10/12, 21:04:47.002, 6346539666323, vstest.console.dll, CurrentDomainAssemblyResolve: Resolving assembly 'Microsoft.Bcl.AsyncInterfaces'.
TpTrace Information: 0 : 8200, 1, 2021/10/12, 21:04:47.002, 6346539667262, vstest.console.dll, AssemblyResolver.OnResolve: Microsoft.Bcl.AsyncInterfaces: Resolving assembly.
TpTrace Information: 0 : 8200, 1, 2021/10/12, 21:04:47.002, 6346539667852, vstest.console.dll, AssemblyResolver.OnResolve: Microsoft.Bcl.AsyncInterfaces: Resolved from cache.
TpTrace Verbose: 0 : 8200, 1, 2021/10/12, 21:04:47.002, 6346539668404, vstest.console.dll, CurrentDomainAssemblyResolve: Resolving assembly 'Microsoft.Bcl.AsyncInterfaces'.
TpTrace Verbose: 0 : 8200, 1, 2021/10/12, 21:04:47.002, 6346539669046, vstest.console.dll, CurrentDomainAssemblyResolve: Failed to resolve assembly 'Microsoft.Bcl.AsyncInterfaces'.
TpTrace Verbose: 0 : 8200, 1, 2021/10/12, 21:04:47.002, 6346539671599, vstest.console.dll, CurrentDomainAssemblyResolve: Failed to resolve assembly 'Microsoft.Bcl.AsyncInterfaces'.
TpTrace Warning: 0 : 8200, 1, 2021/10/12, 21:04:47.003, 6346539676325, vstest.console.dll, TestPluginDiscoverer: Failed to get types from assembly 'Microsoft.Diagnostics.NETCore.Client, Version=0.2.2.41902, Culture=neutral, PublicKeyToken=31bf3856ad364e35'.  Skipping test extension scan for this assembly.  Error: System.Reflection.ReflectionTypeLoadException: Unable to load one or more of the requested types.
Could not load file or assembly 'Microsoft.Bcl.AsyncInterfaces, Version=1.0.0.0, Culture=neutral, PublicKeyToken=cc7b13ffcd2ddd51'. O sistema não pode encontrar o arquivo especificado.
   at System.Reflection.RuntimeModule.GetTypes(RuntimeModule module)
   at System.Reflection.RuntimeModule.GetTypes()
   at System.Reflection.Assembly.GetTypes()
   at Microsoft.VisualStudio.TestPlatform.Common.ExtensionFramework.TestPluginDiscoverer.GetTestExtensionsFromAssembly[TPluginInfo,TExtension](Assembly assembly, Dictionary`2 pluginInfos)
System.IO.FileNotFoundException: Could not load file or assembly 'Microsoft.Bcl.AsyncInterfaces, Version=1.0.0.0, Culture=neutral, PublicKeyToken=cc7b13ffcd2ddd51'. O sistema não pode encontrar o arquivo especificado.
File name: 'Microsoft.Bcl.AsyncInterfaces, Version=1.0.0.0, Culture=neutral, PublicKeyToken=cc7b13ffcd2ddd51'
TpTrace Warning: 0 : 8200, 1, 2021/10/12, 21:04:47.003, 6346539677257, vstest.console.dll, LoaderExceptions: System.IO.FileNotFoundException: Could not load file or assembly 'Microsoft.Bcl.AsyncInterfaces, Version=1.0.0.0, Culture=neutral, PublicKeyToken=cc7b13ffcd2ddd51'. O sistema não pode encontrar o arquivo especificado.
File name: 'Microsoft.Bcl.AsyncInterfaces, Version=1.0.0.0, Culture=neutral, PublicKeyToken=cc7b13ffcd2ddd51'
TpTrace Verbose: 0 : 8200, 1, 2021/10/12, 21:04:47.003, 6346539683248, vstest.console.dll, TestPluginCache: Discovered the extensions using extension path ''.
TpTrace Verbose: 0 : 8200, 1, 2021/10/12, 21:04:47.003, 6346539684019, vstest.console.dll, TestPluginCache: Discoverers are ''.
TpTrace Verbose: 0 : 8200, 1, 2021/10/12, 21:04:47.003, 6346539684515, vstest.console.dll, TestPluginCache: Executors are ''.
TpTrace Verbose: 0 : 8200, 1, 2021/10/12, 21:04:47.003, 6346539684924, vstest.console.dll, TestPluginCache: Executors2 are ''.
TpTrace Verbose: 0 : 8200, 1, 2021/10/12, 21:04:47.003, 6346539685320, vstest.console.dll, TestPluginCache: Setting providers are ''.
TpTrace Verbose: 0 : 8200, 1, 2021/10/12, 21:04:47.004, 6346539686370, vstest.console.dll, TestPluginCache: Loggers are 'logger://Microsoft/TestPlatform/Extensions/Blame/v1,logger://Microsoft/TestPlatform/HtmlLogger/v1,logger://Microsoft/TestPlatform/TrxLogger/v1'.
TpTrace Information: 0 : 8200, 1, 2021/10/12, 21:04:47.005, 6346539696220, vstest.console.dll, TestPluginManager.CreateTestExtension: Attempting to load test extension: Microsoft.TestPlatform.Extensions.BlameDataCollector.BlameLogger
TpTrace Information: 0 : 8200, 1, 2021/10/12, 21:04:47.018, 6346539829438, vstest.console.dll, TestPluginManager.CreateTestExtension: Attempting to load test extension: Microsoft.VisualStudio.TestPlatform.CrossPlatEngine.Hosting.DefaultTestHostManager
TpTrace Information: 0 : 8200, 1, 2021/10/12, 21:04:47.018, 6346539833536, vstest.console.dll, TestPluginManager.CreateTestExtension: Attempting to load test extension: Microsoft.VisualStudio.TestPlatform.CrossPlatEngine.Hosting.DotnetTestHostManager
TpTrace Verbose: 0 : 8200, 1, 2021/10/12, 21:04:47.019, 6346539841207, vstest.console.dll, TestEngine: Initializing Parallel Execution as MaxCpuCount is set to: 1
TpTrace Information: 0 : 8200, 1, 2021/10/12, 21:04:47.020, 6346539847304, vstest.console.dll, InferRunSettingsHelper.IsTestSettingsEnabled: Unable to navigate to RunSettings/MSTest. Current node: RunSettings
TpTrace Verbose: 0 : 8200, 1, 2021/10/12, 21:04:47.036, 6346540009147, vstest.console.dll, TestRequestSender is acting as server
TpTrace Verbose: 0 : 8200, 4, 2021/10/12, 21:04:47.040, 6346540047879, vstest.console.dll, DataCollectionRequestSender.InitializeCommunication : Initialize communication. 
TpTrace Information: 0 : 8200, 4, 2021/10/12, 21:04:47.054, 6346540186932, vstest.console.dll, Listening on Endpoint : 127.0.0.1:58508
TpTrace Verbose: 0 : 8200, 4, 2021/10/12, 21:04:47.066, 6346540306401, vstest.console.dll, DotnetDataCollectionLauncher: Full path of dotnet.exe is C:\Program Files\dotnet\dotnet.exe
TpTrace Verbose: 0 : 8200, 4, 2021/10/12, 21:04:47.066, 6346540308388, vstest.console.dll, DotnetDataCollectionLauncher: Adding  --runtimeconfig "C:\Program Files\dotnet\sdk\5.0.301\datacollector.runtimeconfig.json" in args
TpTrace Verbose: 0 : 8200, 4, 2021/10/12, 21:04:47.066, 6346540309400, vstest.console.dll, DotnetDataCollectionLauncher: Adding  --depsfile "C:\Program Files\dotnet\sdk\5.0.301\datacollector.deps.json" in args
TpTrace Information: 0 : 8200, 4, 2021/10/12, 21:04:47.076, 6346540408891, vstest.console.dll, ProxyDataCollectionManager.Initialize: Launched datacollector processId: 2776 port: 58508
TpTrace Information: 0 : 8200, 4, 2021/10/12, 21:04:47.076, 6346540410855, vstest.console.dll, ProxyDataCollectionManager.Initialize: waiting for connection with timeout: 90 seconds
TpTrace Verbose: 0 : 8200, 4, 2021/10/12, 21:04:47.076, 6346540411641, vstest.console.dll, DataCollectionRequestSender.WaitForRequestHandlerConnection : Waiting for connection with timeout: 90000
TpTrace Information: 0 : 8200, 7, 2021/10/12, 21:04:47.281, 6346542462888, vstest.console.dll, Using the buffer size of 16384 bytes
TpTrace Verbose: 0 : 8200, 4, 2021/10/12, 21:04:47.281, 6346542463280, vstest.console.dll, ProxyDataCollectionManager.InvokeDataCollectionServiceAction: Starting.
TpTrace Information: 0 : 8200, 7, 2021/10/12, 21:04:47.281, 6346542464387, vstest.console.dll, Accepted Client request and set the flag
TpTrace Information: 0 : 8200, 4, 2021/10/12, 21:04:47.281, 6346542465555, vstest.console.dll, ProxyDataCollectionManager.BeforeTestRunStart: Get environment variable and port for datacollector processId: 2776 port: 58508
TpTrace Verbose: 0 : 8200, 4, 2021/10/12, 21:04:47.282, 6346542466998, vstest.console.dll, DataCollectionRequestSender.SendBeforeTestRunStartAndGetResult : Send BeforeTestRunStart message with settingsXml <RunSettings><RunConfiguration><ResultsDirectory>C:\Users\André Giuseppin\Desktop\Projetos\xunit-testes\XUnit.Api\XUnit.Test\bin\Debug\net5.0\fine-code-coverage\coverage-tool-output</ResultsDirectory><TargetPlatform>X64</TargetPlatform><TargetFrameworkVersion>.NETCoreApp,Version=v5.0</TargetFrameworkVersion><DesignMode>False</DesignMode><CollectSourceInformation>False</CollectSourceInformation><TestAdaptersPaths>C:\Program Files\dotnet\sdk\5.0.301\Extensions</TestAdaptersPaths></RunConfiguration><LoggerRunSettings><Loggers><Logger friendlyName="blame" enabled="True" /><Logger friendlyName="Console" uri="logger://microsoft/TestPlatform/ConsoleLogger/v1" assemblyQualifiedName="Microsoft.VisualStudio.TestPlatform.CommandLine.Internal.ConsoleLogger, vstest.console, Version=15.0.0.0, Culture=neutral, PublicKeyToken=b03f5f7f11d50a3a" codeBase="C:\Program Files\dotnet\sdk\5.0.301\vstest.console.dll" enabled="True" /></Loggers></LoggerRunSettings><DataCollectionRunSettings><DataCollectors><DataCollector friendlyName="blame" enabled="True"><Configuration><ResultsDirectory>C:\Users\André Giuseppin\Desktop\Projetos\xunit-testes\XUnit.Api\XUnit.Test\bin\Debug\net5.0\fine-code-coverage\coverage-tool-output</ResultsDirectory></Configuration></DataCollector></DataCollectors></DataCollectionRunSettings></RunSettings> and sources System.Linq.Enumerable+Concat2Iterator`1[System.String]: 
TpTrace Verbose: 0 : 8200, 4, 2021/10/12, 21:04:47.363, 6346543276208, vstest.console.dll, DataCollectionRequestSender.SendBeforeTestRunStartAndGetResult : Received message: (DataCollection.SendMessage) -> {
  "FriendlyName": null,
  "Uri": null,
  "TestCaseId": "00000000-0000-0000-0000-000000000000",
  "Message": "Logging DataCollector Diagnostics in file: C:\\Users\\André Giuseppin\\Desktop\\Projetos\\xunit-testes\\XUnit.Api\\XUnit.Test\\bin\\Debug\\net5.0\\fine-code-coverage\\coverage-tool-output\\diagnostics.datacollector.21-10-12_21-04-47_06088_4.log",
  "Level": 0
}
TpTrace Verbose: 0 : 8200, 4, 2021/10/12, 21:04:47.436, 6346544014664, vstest.console.dll, DataCollectionRequestSender.SendBeforeTestRunStartAndGetResult : Received message: (DataCollection.BeforeTestRunStartResult) -> {
  "EnvironmentVariables": {},
  "DataCollectionEventsPort": 58510
}
TpTrace Information: 0 : 8200, 4, 2021/10/12, 21:04:47.441, 6346544063162, vstest.console.dll, ProxyDataCollectionManager.BeforeTestRunStart: SendBeforeTestRunStartAndGetResult successful, env variable from datacollector:   and testhost port: 58510
TpTrace Information: 0 : 8200, 4, 2021/10/12, 21:04:47.441, 6346544064423, vstest.console.dll, ProxyDataCollectionManager.InvokeDataCollectionServiceAction: Completed.
TpTrace Verbose: 0 : 8200, 1, 2021/10/12, 21:04:47.442, 6346544066171, vstest.console.dll, TestRunRequest.ExecuteAsync: Creating test run request.
TpTrace Verbose: 0 : 8200, 1, 2021/10/12, 21:04:47.442, 6346544070916, vstest.console.dll, TestRunRequest.ExecuteAsync: Starting.
TpTrace Information: 0 : 8200, 1, 2021/10/12, 21:04:47.442, 6346544075573, vstest.console.dll, TestRunRequest.ExecuteAsync: Starting run with settings:TestRunCriteria:
   KeepAlive=False,FrequencyOfRunStatsChangeEvent=10,RunStatsChangeEventTimeout=00:00:01.5000000,TestCaseFilter=,TestExecutorLauncher=
   Settingsxml=<RunSettings>
  <RunConfiguration>
    <ResultsDirectory>C:\Users\André Giuseppin\Desktop\Projetos\xunit-testes\XUnit.Api\XUnit.Test\bin\Debug\net5.0\fine-code-coverage\coverage-tool-output</ResultsDirectory>
    <TargetPlatform>X64</TargetPlatform>
    <TargetFrameworkVersion>.NETCoreApp,Version=v5.0</TargetFrameworkVersion>
    <DesignMode>False</DesignMode>
    <CollectSourceInformation>False</CollectSourceInformation>
  </RunConfiguration>
  <LoggerRunSettings>
    <Loggers>
      <Logger friendlyName="blame" enabled="True" />
      <Logger friendlyName="Console" uri="logger://microsoft/TestPlatform/ConsoleLogger/v1" assemblyQualifiedName="Microsoft.VisualStudio.TestPlatform.CommandLine.Internal.ConsoleLogger, vstest.console, Version=15.0.0.0, Culture=neutral, PublicKeyToken=b03f5f7f11d50a3a" codeBase="C:\Program Files\dotnet\sdk\5.0.301\vstest.console.dll" enabled="True" />
    </Loggers>
  </LoggerRunSettings>
  <DataCollectionRunSettings>
    <DataCollectors>
      <DataCollector friendlyName="blame" enabled="True">
        <Configuration>
          <ResultsDirectory>C:\Users\André Giuseppin\Desktop\Projetos\xunit-testes\XUnit.Api\XUnit.Test\bin\Debug\net5.0\fine-code-coverage\coverage-tool-output</ResultsDirectory>
        </Configuration>
      </DataCollector>
    </DataCollectors>
  </DataCollectionRunSettings>
</RunSettings>

TpTrace Verbose: 0 : 8200, 1, 2021/10/12, 21:04:47.443, 6346544076537, vstest.console.dll, TestRunRequest.ExecuteAsync: Wait for the first run request is over.
TpTrace Verbose: 0 : 8200, 1, 2021/10/12, 21:04:47.443, 6346544083594, vstest.console.dll, ParallelProxyExecutionManager: Start execution. Total sources: 1
TpTrace Information: 0 : 8200, 1, 2021/10/12, 21:04:47.444, 6346544092625, vstest.console.dll, ProxyParallelExecutionManager: Triggering test run for next source: C:\Users\André Giuseppin\Desktop\Projetos\xunit-testes\XUnit.Api\XUnit.Test\bin\Debug\net5.0\fine-code-coverage\build-output\XUnit.Test.dll
TpTrace Verbose: 0 : 8200, 4, 2021/10/12, 21:04:47.444, 6346544095048, vstest.console.dll, ParallelProxyExecutionManager: Execution started. Started clients: 1
TpTrace Verbose: 0 : 8200, 1, 2021/10/12, 21:04:47.445, 6346544095875, vstest.console.dll, ProxyParallelExecutionManager: No sources available for execution.
TpTrace Information: 0 : 8200, 1, 2021/10/12, 21:04:47.445, 6346544096743, vstest.console.dll, TestRunRequest.ExecuteAsync: Started.
TpTrace Verbose: 0 : 8200, 1, 2021/10/12, 21:04:47.445, 6346544097845, vstest.console.dll, TestRunRequest.WaitForCompletion: Waiting with timeout -1.
TpTrace Verbose: 0 : 8200, 4, 2021/10/12, 21:04:47.445, 6346544099381, vstest.console.dll, TestRunRequest:SendTestRunMessage: Starting.
TpTrace Information: 0 : 8200, 4, 2021/10/12, 21:04:47.445, 6346544101380, vstest.console.dll, TestRunRequest:SendTestRunMessage: Completed.
TpTrace Verbose: 0 : 8200, 4, 2021/10/12, 21:04:47.445, 6346544104905, vstest.console.dll, ProxyExecutionManager: Test host is always Lazy initialize.
TpTrace Verbose: 0 : 8200, 4, 2021/10/12, 21:04:47.446, 6346544108973, vstest.console.dll, TestRequestSender.InitializeCommunication: initialize communication. 
TpTrace Information: 0 : 8200, 4, 2021/10/12, 21:04:47.447, 6346544116216, vstest.console.dll, SocketServer.Start: Listening on endpoint : 127.0.0.1:58511
TpTrace Verbose: 0 : 8200, 4, 2021/10/12, 21:04:47.448, 6346544126261, vstest.console.dll, DotnetTestHostmanager: Adding  --runtimeconfig "C:\Users\André Giuseppin\Desktop\Projetos\xunit-testes\XUnit.Api\XUnit.Test\bin\Debug\net5.0\fine-code-coverage\build-output\XUnit.Test.runtimeconfig.json" in args
TpTrace Verbose: 0 : 8200, 4, 2021/10/12, 21:04:47.448, 6346544127603, vstest.console.dll, DotnetTestHostmanager: Adding  --depsfile "C:\Users\André Giuseppin\Desktop\Projetos\xunit-testes\XUnit.Api\XUnit.Test\bin\Debug\net5.0\fine-code-coverage\build-output\XUnit.Test.deps.json" in args
TpTrace Verbose: 0 : 8200, 4, 2021/10/12, 21:04:47.448, 6346544130189, vstest.console.dll, DotnetTestHostManager: Testhost.exe/testhost.x86.exe found at path: C:\Users\André Giuseppin\Desktop\Projetos\xunit-testes\XUnit.Api\XUnit.Test\bin\Debug\net5.0\fine-code-coverage\build-output\testhost.exe
TpTrace Verbose: 0 : 8200, 4, 2021/10/12, 21:04:47.448, 6346544130823, vstest.console.dll, DotnetTestHostmanager: Full path of host exe is C:\Users\André Giuseppin\Desktop\Projetos\xunit-testes\XUnit.Api\XUnit.Test\bin\Debug\net5.0\fine-code-coverage\build-output\testhost.exe
TpTrace Verbose: 0 : 8200, 6, 2021/10/12, 21:04:47.449, 6346544141257, vstest.console.dll, DotnetTestHostManager: Starting process 'C:\Users\André Giuseppin\Desktop\Projetos\xunit-testes\XUnit.Api\XUnit.Test\bin\Debug\net5.0\fine-code-coverage\build-output\testhost.exe' with command line ' --runtimeconfig "C:\Users\André Giuseppin\Desktop\Projetos\xunit-testes\XUnit.Api\XUnit.Test\bin\Debug\net5.0\fine-code-coverage\build-output\XUnit.Test.runtimeconfig.json" --depsfile "C:\Users\André Giuseppin\Desktop\Projetos\xunit-testes\XUnit.Api\XUnit.Test\bin\Debug\net5.0\fine-code-coverage\build-output\XUnit.Test.deps.json" --port 58511 --endpoint 127.0.0.1:058511 --role client --parentprocessid 8200 --diag "C:\Users\André Giuseppin\Desktop\Projetos\xunit-testes\XUnit.Api\XUnit.Test\bin\Debug\net5.0\fine-code-coverage\coverage-tool-output\diagnostics.host.21-10-12_21-04-47_44750_4.log" --tracelevel 4 --datacollectionport 58510 --telemetryoptedin false'
TpTrace Verbose: 0 : 8200, 6, 2021/10/12, 21:04:47.455, 6346544203135, vstest.console.dll, Test Runtime launched
TpTrace Verbose: 0 : 8200, 4, 2021/10/12, 21:04:47.456, 6346544211904, vstest.console.dll, TestRequestSender.WaitForRequestHandlerConnection: waiting for connection with timeout: 90000
TpTrace Verbose: 0 : 8200, 14, 2021/10/12, 21:04:47.700, 6346546653650, vstest.console.dll, SocketServer.OnClientConnected: Client connected for endPoint: 127.0.0.1:58511, starting MessageLoopAsync:
TpTrace Verbose: 0 : 8200, 13, 2021/10/12, 21:04:47.701, 6346546656600, vstest.console.dll, TcpClientExtensions.MessageLoopAsync: Polling on remoteEndPoint: 127.0.0.1:58513 localEndPoint: 127.0.0.1:58511
TpTrace Verbose: 0 : 8200, 13, 2021/10/12, 21:04:47.851, 6346548159267, vstest.console.dll, TcpClientExtensions.MessageLoopAsync: NotifyDataAvailable remoteEndPoint: 127.0.0.1:58513 localEndPoint: 127.0.0.1:58511
TpTrace Verbose: 0 : 8200, 13, 2021/10/12, 21:04:47.851, 6346548162918, vstest.console.dll, TestRequestSender.CheckVersionWithTestHost: onMessageReceived received message: (ProtocolVersion) -> 5
TpTrace Verbose: 0 : 8200, 13, 2021/10/12, 21:04:47.852, 6346548168853, vstest.console.dll, TcpClientExtensions.MessageLoopAsync: Polling on remoteEndPoint: 127.0.0.1:58513 localEndPoint: 127.0.0.1:58511
TpTrace Verbose: 0 : 8200, 4, 2021/10/12, 21:04:47.852, 6346548170170, vstest.console.dll, TestPluginCache.GetExtensionPaths: Filtered extension paths: 
TpTrace Verbose: 0 : 8200, 4, 2021/10/12, 21:04:47.852, 6346548171181, vstest.console.dll, TestPluginCache.GetExtensionPaths: Added default extension paths: C:\Program Files\dotnet\sdk\5.0.301\Extensions\Microsoft.Diagnostics.NETCore.Client.dll
C:\Program Files\dotnet\sdk\5.0.301\Extensions\Microsoft.TestPlatform.Extensions.BlameDataCollector.dll
C:\Program Files\dotnet\sdk\5.0.301\Extensions\Microsoft.TestPlatform.Extensions.EventLogCollector.dll
C:\Program Files\dotnet\sdk\5.0.301\Extensions\Microsoft.TestPlatform.TestHostRuntimeProvider.dll
C:\Program Files\dotnet\sdk\5.0.301\Extensions\Microsoft.VisualStudio.TestPlatform.Extensions.Html.TestLogger.dll
C:\Program Files\dotnet\sdk\5.0.301\Extensions\Microsoft.VisualStudio.TestPlatform.Extensions.Trx.TestLogger.dll
TpTrace Verbose: 0 : 8200, 4, 2021/10/12, 21:04:47.852, 6346548171812, vstest.console.dll, TestPluginCache.GetExtensionPaths: Added unfilterableExtensionPaths: 
TpTrace Verbose: 0 : 8200, 4, 2021/10/12, 21:04:47.857, 6346548218601, vstest.console.dll, TestRequestSender.InitializeExecution: Sending initializing execution with message: {"Version":5,"MessageType":"TestExecution.Initialize","Payload":["C:\\Users\\André Giuseppin\\Desktop\\Projetos\\xunit-testes\\XUnit.Api\\XUnit.Test\\bin\\Debug\\net5.0\\fine-code-coverage\\build-output\\xunit.runner.visualstudio.dotnetcore.testadapter.dll"]}
TpTrace Verbose: 0 : 8200, 13, 2021/10/12, 21:04:47.862, 6346548267432, vstest.console.dll, TcpClientExtensions.MessageLoopAsync: NotifyDataAvailable remoteEndPoint: 127.0.0.1:58513 localEndPoint: 127.0.0.1:58511
TpTrace Verbose: 0 : 8200, 13, 2021/10/12, 21:04:47.862, 6346548269507, vstest.console.dll, TestRequestSender.OnExecutionMessageReceived: Received message: {"Version":5,"MessageType":"TestSession.Message","Payload":{"MessageLevel":0,"Message":"Logging TestHost Diagnostics in file: C:\\Users\\André Giuseppin\\Desktop\\Projetos\\xunit-testes\\XUnit.Api\\XUnit.Test\\bin\\Debug\\net5.0\\fine-code-coverage\\coverage-tool-output\\diagnostics.host.21-10-12_21-04-47_44750_4.log"}}
TpTrace Verbose: 0 : 8200, 13, 2021/10/12, 21:04:47.865, 6346548300680, vstest.console.dll, TestRunRequest:SendTestRunMessage: Starting.
TpTrace Information: 0 : 8200, 13, 2021/10/12, 21:04:47.865, 6346548302458, vstest.console.dll, TestRunRequest:SendTestRunMessage: Completed.
TpTrace Verbose: 0 : 8200, 13, 2021/10/12, 21:04:47.865, 6346548303163, vstest.console.dll, TcpClientExtensions.MessageLoopAsync: Polling on remoteEndPoint: 127.0.0.1:58513 localEndPoint: 127.0.0.1:58511
TpTrace Verbose: 0 : 8200, 4, 2021/10/12, 21:04:47.866, 6346548315754, vstest.console.dll, TestRequestSender.StartTestRun: Sending test run with message: {"Version":5,"MessageType":"TestExecution.StartWithSources","Payload":{"AdapterSourceMap":{"_none_":["C:\\Users\\André Giuseppin\\Desktop\\Projetos\\xunit-testes\\XUnit.Api\\XUnit.Test\\bin\\Debug\\net5.0\\fine-code-coverage\\build-output\\XUnit.Test.dll"]},"RunSettings":"<RunSettings>\r\n  <RunConfiguration>\r\n    <ResultsDirectory>C:\\Users\\André Giuseppin\\Desktop\\Projetos\\xunit-testes\\XUnit.Api\\XUnit.Test\\bin\\Debug\\net5.0\\fine-code-coverage\\coverage-tool-output</ResultsDirectory>\r\n    <TargetPlatform>X64</TargetPlatform>\r\n    <TargetFrameworkVersion>.NETCoreApp,Version=v5.0</TargetFrameworkVersion>\r\n    <DesignMode>False</DesignMode>\r\n    <CollectSourceInformation>False</CollectSourceInformation>\r\n  </RunConfiguration>\r\n  <LoggerRunSettings>\r\n    <Loggers>\r\n      <Logger friendlyName=\"blame\" enabled=\"True\" />\r\n      <Logger friendlyName=\"Console\" uri=\"logger://microsoft/TestPlatform/ConsoleLogger/v1\" assemblyQualifiedName=\"Microsoft.VisualStudio.TestPlatform.CommandLine.Internal.ConsoleLogger, vstest.console, Version=15.0.0.0, Culture=neutral, PublicKeyToken=b03f5f7f11d50a3a\" codeBase=\"C:\\Program Files\\dotnet\\sdk\\5.0.301\\vstest.console.dll\" enabled=\"True\" />\r\n    </Loggers>\r\n  </LoggerRunSettings>\r\n  <DataCollectionRunSettings>\r\n    <DataCollectors>\r\n      <DataCollector friendlyName=\"blame\" enabled=\"True\">\r\n        <Configuration>\r\n          <ResultsDirectory>C:\\Users\\André Giuseppin\\Desktop\\Projetos\\xunit-testes\\XUnit.Api\\XUnit.Test\\bin\\Debug\\net5.0\\fine-code-coverage\\coverage-tool-output</ResultsDirectory>\r\n        </Configuration>\r\n      </DataCollector>\r\n    </DataCollectors>\r\n  </DataCollectionRunSettings>\r\n</RunSettings>","TestExecutionContext":{"FrequencyOfRunStatsChangeEvent":10,"RunStatsChangeEventTimeout":"00:00:01.5000000","InIsolation":false,"KeepAlive":false,"AreTestCaseLevelEventsRequired":false,"IsDebug":false,"TestCaseFilter":null,"FilterOptions":null},"Package":null}}
TpTrace Verbose: 0 : 8200, 13, 2021/10/12, 21:04:48.034, 6346549994313, vstest.console.dll, TcpClientExtensions.MessageLoopAsync: NotifyDataAvailable remoteEndPoint: 127.0.0.1:58513 localEndPoint: 127.0.0.1:58511
TpTrace Verbose: 0 : 8200, 13, 2021/10/12, 21:04:48.035, 6346549996197, vstest.console.dll, TestRequestSender.OnExecutionMessageReceived: Received message: {"Version":5,"MessageType":"TestSession.Message","Payload":{"MessageLevel":0,"Message":"[xUnit.net 00:00:00.00] xUnit.net VSTest Adapter v2.4.3+1b45f5407b (64-bit .NET 5.0.7)"}}
TpTrace Verbose: 0 : 8200, 13, 2021/10/12, 21:04:48.035, 6346550000339, vstest.console.dll, TestRunRequest:SendTestRunMessage: Starting.
TpTrace Information: 0 : 8200, 13, 2021/10/12, 21:04:48.035, 6346550001375, vstest.console.dll, TestRunRequest:SendTestRunMessage: Completed.
TpTrace Verbose: 0 : 8200, 13, 2021/10/12, 21:04:48.035, 6346550001983, vstest.console.dll, TcpClientExtensions.MessageLoopAsync: Polling on remoteEndPoint: 127.0.0.1:58513 localEndPoint: 127.0.0.1:58511
TpTrace Verbose: 0 : 8200, 13, 2021/10/12, 21:04:48.708, 6346556731538, vstest.console.dll, TcpClientExtensions.MessageLoopAsync: NotifyDataAvailable remoteEndPoint: 127.0.0.1:58513 localEndPoint: 127.0.0.1:58511
TpTrace Verbose: 0 : 8200, 13, 2021/10/12, 21:04:48.708, 6346556733612, vstest.console.dll, TestRequestSender.OnExecutionMessageReceived: Received message: {"Version":5,"MessageType":"TestSession.Message","Payload":{"MessageLevel":0,"Message":"[xUnit.net 00:00:00.68]   Discovering: XUnit.Test"}}
TpTrace Verbose: 0 : 8200, 13, 2021/10/12, 21:04:48.709, 6346556737047, vstest.console.dll, TestRunRequest:SendTestRunMessage: Starting.
TpTrace Information: 0 : 8200, 13, 2021/10/12, 21:04:48.709, 6346556738576, vstest.console.dll, TestRunRequest:SendTestRunMessage: Completed.
TpTrace Verbose: 0 : 8200, 13, 2021/10/12, 21:04:48.709, 6346556739496, vstest.console.dll, TcpClientExtensions.MessageLoopAsync: Polling on remoteEndPoint: 127.0.0.1:58513 localEndPoint: 127.0.0.1:58511
TpTrace Verbose: 0 : 8200, 13, 2021/10/12, 21:04:48.767, 6346557320614, vstest.console.dll, TcpClientExtensions.MessageLoopAsync: NotifyDataAvailable remoteEndPoint: 127.0.0.1:58513 localEndPoint: 127.0.0.1:58511
TpTrace Verbose: 0 : 8200, 13, 2021/10/12, 21:04:48.767, 6346557322324, vstest.console.dll, TestRequestSender.OnExecutionMessageReceived: Received message: {"Version":5,"MessageType":"TestSession.Message","Payload":{"MessageLevel":0,"Message":"[xUnit.net 00:00:00.74]   Discovered:  XUnit.Test"}}
TpTrace Verbose: 0 : 8200, 13, 2021/10/12, 21:04:48.767, 6346557324446, vstest.console.dll, TestRunRequest:SendTestRunMessage: Starting.
TpTrace Information: 0 : 8200, 13, 2021/10/12, 21:04:48.767, 6346557325207, vstest.console.dll, TestRunRequest:SendTestRunMessage: Completed.
TpTrace Verbose: 0 : 8200, 13, 2021/10/12, 21:04:48.767, 6346557325733, vstest.console.dll, TcpClientExtensions.MessageLoopAsync: Polling on remoteEndPoint: 127.0.0.1:58513 localEndPoint: 127.0.0.1:58511
TpTrace Verbose: 0 : 8200, 13, 2021/10/12, 21:04:48.770, 6346557348286, vstest.console.dll, TcpClientExtensions.MessageLoopAsync: NotifyDataAvailable remoteEndPoint: 127.0.0.1:58513 localEndPoint: 127.0.0.1:58511
TpTrace Verbose: 0 : 8200, 13, 2021/10/12, 21:04:48.770, 6346557349758, vstest.console.dll, TestRequestSender.OnExecutionMessageReceived: Received message: {"Version":5,"MessageType":"TestSession.Message","Payload":{"MessageLevel":0,"Message":"[xUnit.net 00:00:00.74]   Starting:    XUnit.Test"}}
TpTrace Verbose: 0 : 8200, 13, 2021/10/12, 21:04:48.770, 6346557352436, vstest.console.dll, TestRunRequest:SendTestRunMessage: Starting.
TpTrace Information: 0 : 8200, 13, 2021/10/12, 21:04:48.770, 6346557353681, vstest.console.dll, TestRunRequest:SendTestRunMessage: Completed.
TpTrace Verbose: 0 : 8200, 13, 2021/10/12, 21:04:48.770, 6346557354238, vstest.console.dll, TcpClientExtensions.MessageLoopAsync: Polling on remoteEndPoint: 127.0.0.1:58513 localEndPoint: 127.0.0.1:58511
TpTrace Verbose: 0 : 8200, 13, 2021/10/12, 21:04:49.054, 6346560189080, vstest.console.dll, TcpClientExtensions.MessageLoopAsync: NotifyDataAvailable remoteEndPoint: 127.0.0.1:58513 localEndPoint: 127.0.0.1:58511
TpTrace Verbose: 0 : 8200, 13, 2021/10/12, 21:04:49.054, 6346560193651, vstest.console.dll, TestRequestSender.OnExecutionMessageReceived: Received message: {"Version":5,"MessageType":"TestExecution.StatsChange","Payload":{"NewTestResults":[{"TestCase":{"Id":"7818fccc-c667-1060-5585-81dd92cce418","FullyQualifiedName":"XUnit.Test.Tests.Repository.GameRepositoryTests.GameRepository_GuardClause","DisplayName":"XUnit.Test.Tests.Repository.GameRepositoryTests.GameRepository_GuardClause","ExecutorUri":"executor://xunit/VsTestRunner2/netcoreapp","Source":"C:\\Users\\André Giuseppin\\Desktop\\Projetos\\xunit-testes\\XUnit.Api\\XUnit.Test\\bin\\Debug\\net5.0\\fine-code-coverage\\build-output\\XUnit.Test.dll","CodeFilePath":null,"LineNumber":0,"Properties":[]},"Attachments":[],"Outcome":1,"ErrorMessage":null,"ErrorStackTrace":null,"DisplayName":"XUnit.Test.Tests.Repository.GameRepositoryTests.GameRepository_GuardClause(assertion: GuardClauseAssertion { BehaviorExpectation = CompositeBehaviorExpectation { BehaviorExpectations = [...] }, Builder = [[...]] })","Messages":[],"ComputerName":"DESKTOP-C01HEDT","Duration":"00:00:00.0054471","StartTime":"2021-10-13T00:04:48.9287044+00:00","EndTime":"2021-10-13T00:04:48.9288373+00:00","Properties":[]},{"TestCase":{"Id":"a14c4970-5264-7a33-2230-e529b6ad78c6","FullyQualifiedName":"XUnit.Test.Tests.Repository.GameRepositoryTests.Update_WhenEverythingWorks_ReturnOkAsync","DisplayName":"XUnit.Test.Tests.Repository.GameRepositoryTests.Update_WhenEverythingWorks_ReturnOkAsync","ExecutorUri":"executor://xunit/VsTestRunner2/netcoreapp","Source":"C:\\Users\\André Giuseppin\\Desktop\\Projetos\\xunit-testes\\XUnit.Api\\XUnit.Test\\bin\\Debug\\net5.0\\fine-code-coverage\\build-output\\XUnit.Test.dll","CodeFilePath":null,"LineNumber":0,"Properties":[]},"Attachments":[],"Outcome":1,"ErrorMessage":null,"ErrorStackTrace":null,"DisplayName":"XUnit.Test.Tests.Repository.GameRepositoryTests.Update_WhenEverythingWorks_ReturnOkAsync()","Messages":[],"ComputerName":"DESKTOP-C01HEDT","Duration":"00:00:00.0469414","StartTime":"2021-10-13T00:04:48.9749254+00:00","EndTime":"2021-10-13T00:04:48.9749283+00:00","Properties":[]},{"TestCase":{"Id":"85c954ea-29a3-8e25-f221-794a4af37882","FullyQualifiedName":"XUnit.Test.Tests.Services.GameServiceTests.GameService_GuardClause","DisplayName":"XUnit.Test.Tests.Services.GameServiceTests.GameService_GuardClause","ExecutorUri":"executor://xunit/VsTestRunner2/netcoreapp","Source":"C:\\Users\\André Giuseppin\\Desktop\\Projetos\\xunit-testes\\XUnit.Api\\XUnit.Test\\bin\\Debug\\net5.0\\fine-code-coverage\\build-output\\XUnit.Test.dll","CodeFilePath":null,"LineNumber":0,"Properties":[]},"Attachments":[],"Outcome":1,"ErrorMessage":null,"ErrorStackTrace":null,"DisplayName":"XUnit.Test.Tests.Services.GameServiceTests.GameService_GuardClause(assertion: GuardClauseAssertion { BehaviorExpectation = CompositeBehaviorExpectation { BehaviorExpectations = [...] }, Builder = [[...]] })","Messages":[],"ComputerName":"DESKTOP-C01HEDT","Duration":"00:00:00.0636447","StartTime":"2021-10-13T00:04:48.9817721+00:00","EndTime":"2021-10-13T00:04:48.9817753+00:00","Properties":[]},{"TestCase":{"Id":"e39e56f7-0207-e6bf-c408-78a0a28de36c","FullyQualifiedName":"XUnit.Test.Tests.Repository.GameRepositoryTests.Create_WhenEverythingWorks_ReturnOkAsync","DisplayName":"XUnit.Test.Tests.Repository.GameRepositoryTests.Create_WhenEverythingWorks_ReturnOkAsync","ExecutorUri":"executor://xunit/VsTestRunner2/netcoreapp","Source":"C:\\Users\\André Giuseppin\\Desktop\\Projetos\\xunit-testes\\XUnit.Api\\XUnit.Test\\bin\\Debug\\net5.0\\fine-code-coverage\\build-output\\XUnit.Test.dll","CodeFilePath":null,"LineNumber":0,"Properties":[]},"Attachments":[],"Outcome":1,"ErrorMessage":null,"ErrorStackTrace":null,"DisplayName":"XUnit.Test.Tests.Repository.GameRepositoryTests.Create_WhenEverythingWorks_ReturnOkAsync(games: Games { Description = \"Description13cf0a35-8447-4b00-8852-f456f9fb1cd0\", Id = 177, Name = \"Name40ae8d96-554b-43fa-a8a7-da9dea54f252\", PermitedAge = 78, Price = 101 })","Messages":[],"ComputerName":"DESKTOP-C01HEDT","Duration":"00:00:00.0034078","StartTime":"2021-10-13T00:04:48.9854686+00:00","EndTime":"2021-10-13T00:04:48.9854708+00:00","Properties":[]},{"TestCase":{"Id":"4dae0df8-9318-d063-db70-5ded5f5bf66e","FullyQualifiedName":"XUnit.Test.Tests.Repository.GameRepositoryTests.FindById_WhenEverythingWorks_ReturnOkAsync","DisplayName":"XUnit.Test.Tests.Repository.GameRepositoryTests.FindById_WhenEverythingWorks_ReturnOkAsync","ExecutorUri":"executor://xunit/VsTestRunner2/netcoreapp","Source":"C:\\Users\\André Giuseppin\\Desktop\\Projetos\\xunit-testes\\XUnit.Api\\XUnit.Test\\bin\\Debug\\net5.0\\fine-code-coverage\\build-output\\XUnit.Test.dll","CodeFilePath":null,"LineNumber":0,"Properties":[]},"Attachments":[],"Outcome":1,"ErrorMessage":null,"ErrorStackTrace":null,"DisplayName":"XUnit.Test.Tests.Repository.GameRepositoryTests.FindById_WhenEverythingWorks_ReturnOkAsync(id: 241)","Messages":[],"ComputerName":"DESKTOP-C01HEDT","Duration":"00:00:00.0014234","StartTime":"2021-10-13T00:04:48.9899811+00:00","EndTime":"2021-10-13T00:04:48.9899832+00:00","Properties":[]},{"TestCase":{"Id":"bb9927ff-f5c9-1052-b414-83ad69339504","FullyQualifiedName":"XUnit.Test.Tests.Repository.GameRepositoryTests.ListAll_WhenEverythingWorks_ReturnOkAsync","DisplayName":"XUnit.Test.Tests.Repository.GameRepositoryTests.ListAll_WhenEverythingWorks_ReturnOkAsync","ExecutorUri":"executor://xunit/VsTestRunner2/netcoreapp","Source":"C:\\Users\\André Giuseppin\\Desktop\\Projetos\\xunit-testes\\XUnit.Api\\XUnit.Test\\bin\\Debug\\net5.0\\fine-code-coverage\\build-output\\XUnit.Test.dll","CodeFilePath":null,"LineNumber":0,"Properties":[]},"Attachments":[],"Outcome":1,"ErrorMessage":null,"ErrorStackTrace":null,"DisplayName":"XUnit.Test.Tests.Repository.GameRepositoryTests.ListAll_WhenEverythingWorks_ReturnOkAsync()","Messages":[],"ComputerName":"DESKTOP-C01HEDT","Duration":"00:00:00.0018744","StartTime":"2021-10-13T00:04:48.9929946+00:00","EndTime":"2021-10-13T00:04:48.9929967+00:00","Properties":[]},{"TestCase":{"Id":"a809e0b0-f802-7d37-0895-4fae72ae2e78","FullyQualifiedName":"XUnit.Test.Tests.Repository.GameRepositoryTests.Delete_WhenEverythingWorks_ReturnOkAsync","DisplayName":"XUnit.Test.Tests.Repository.GameRepositoryTests.Delete_WhenEverythingWorks_ReturnOkAsync","ExecutorUri":"executor://xunit/VsTestRunner2/netcoreapp","Source":"C:\\Users\\André Giuseppin\\Desktop\\Projetos\\xunit-testes\\XUnit.Api\\XUnit.Test\\bin\\Debug\\net5.0\\fine-code-coverage\\build-output\\XUnit.Test.dll","CodeFilePath":null,"LineNumber":0,"Properties":[]},"Attachments":[],"Outcome":1,"ErrorMessage":null,"ErrorStackTrace":null,"DisplayName":"XUnit.Test.Tests.Repository.GameRepositoryTests.Delete_WhenEverythingWorks_ReturnOkAsync(id: 111)","Messages":[],"ComputerName":"DESKTOP-C01HEDT","Duration":"00:00:00.0014002","StartTime":"2021-10-13T00:04:48.99602+00:00","EndTime":"2021-10-13T00:04:48.9960219+00:00","Properties":[]},{"TestCase":{"Id":"0b881938-f5e0-b75b-069b-c4308d8e665d","FullyQualifiedName":"XUnit.Test.Tests.Services.GameServiceTests.DeleteGame_WhenGameDontExists_ReturnFail","DisplayName":"XUnit.Test.Tests.Services.GameServiceTests.DeleteGame_WhenGameDontExists_ReturnFail","ExecutorUri":"executor://xunit/VsTestRunner2/netcoreapp","Source":"C:\\Users\\André Giuseppin\\Desktop\\Projetos\\xunit-testes\\XUnit.Api\\XUnit.Test\\bin\\Debug\\net5.0\\fine-code-coverage\\build-output\\XUnit.Test.dll","CodeFilePath":null,"LineNumber":0,"Properties":[]},"Attachments":[],"Outcome":1,"ErrorMessage":null,"ErrorStackTrace":null,"DisplayName":"XUnit.Test.Tests.Services.GameServiceTests.DeleteGame_WhenGameDontExists_ReturnFail(gameRepository: Substitute.IGameRepository|019ccf65, sut: GameService { }, id: 41)","Messages":[],"ComputerName":"DESKTOP-C01HEDT","Duration":"00:00:00.0323786","StartTime":"2021-10-13T00:04:49.0178316+00:00","EndTime":"2021-10-13T00:04:49.0178342+00:00","Properties":[]}],"TestRunStatistics":{"ExecutedTests":8,"Stats":{"Passed":8}},"ActiveTests":[{"Id":"d3ace160-0ca7-c34b-83d6-5c05ee1f0925","FullyQualifiedName":"XUnit.Test.Tests.Controller.GameControllerTests.List_WhenEverythingWorks_ReturnOk","DisplayName":"XUnit.Test.Tests.Controller.GameControllerTests.List_WhenEverythingWorks_ReturnOk","ExecutorUri":"executor://xunit/VsTestRunner2/netcoreapp","Source":"C:\\Users\\André Giuseppin\\Desktop\\Projetos\\xunit-testes\\XUnit.Api\\XUnit.Test\\bin\\Debug\\net5.0\\fine-code-coverage\\build-output\\XUnit.Test.dll","CodeFilePath":null,"LineNumber":0,"Properties":[]},{"Id":"05a5d28e-a17e-5ce1-4e03-ee194809aa25","FullyQualifiedName":"XUnit.Test.Tests.Services.GameServiceTests.UpdateGames_WhenGameDontExists_ReturnFail","DisplayName":"XUnit.Test.Tests.Services.GameServiceTests.UpdateGames_WhenGameDontExists_ReturnFail","ExecutorUri":"executor://xunit/VsTestRunner2/netcoreapp","Source":"C:\\Users\\André Giuseppin\\Desktop\\Projetos\\xunit-testes\\XUnit.Api\\XUnit.Test\\bin\\Debug\\net5.0\\fine-code-coverage\\build-output\\XUnit.Test.dll","CodeFilePath":null,"LineNumber":0,"Properties":[]}]}}
TpTrace Verbose: 0 : 8200, 13, 2021/10/12, 21:04:49.091, 6346560565388, vstest.console.dll, TestRunRequest:SendTestRunStatsChange: Starting.
TpTrace Verbose: 0 : 8200, 13, 2021/10/12, 21:04:49.092, 6346560566638, vstest.console.dll, InProgress is XUnit.Test.Tests.Controller.GameControllerTests.List_WhenEverythingWorks_ReturnOk
TpTrace Verbose: 0 : 8200, 13, 2021/10/12, 21:04:49.092, 6346560566991, vstest.console.dll, InProgress is XUnit.Test.Tests.Services.GameServiceTests.UpdateGames_WhenGameDontExists_ReturnFail
TpTrace Information: 0 : 8200, 13, 2021/10/12, 21:04:49.092, 6346560569137, vstest.console.dll, TestRunRequest:SendTestRunStatsChange: Completed.
TpTrace Verbose: 0 : 8200, 13, 2021/10/12, 21:04:49.092, 6346560569572, vstest.console.dll, TcpClientExtensions.MessageLoopAsync: Polling on remoteEndPoint: 127.0.0.1:58513 localEndPoint: 127.0.0.1:58511
TpTrace Verbose: 0 : 8200, 13, 2021/10/12, 21:04:49.092, 6346560570021, vstest.console.dll, TcpClientExtensions.MessageLoopAsync: NotifyDataAvailable remoteEndPoint: 127.0.0.1:58513 localEndPoint: 127.0.0.1:58511
TpTrace Verbose: 0 : 8200, 13, 2021/10/12, 21:04:49.092, 6346560573309, vstest.console.dll, TestRequestSender.OnExecutionMessageReceived: Received message: {"Version":5,"MessageType":"TestExecution.StatsChange","Payload":{"NewTestResults":[{"TestCase":{"Id":"d3ace160-0ca7-c34b-83d6-5c05ee1f0925","FullyQualifiedName":"XUnit.Test.Tests.Controller.GameControllerTests.List_WhenEverythingWorks_ReturnOk","DisplayName":"XUnit.Test.Tests.Controller.GameControllerTests.List_WhenEverythingWorks_ReturnOk","ExecutorUri":"executor://xunit/VsTestRunner2/netcoreapp","Source":"C:\\Users\\André Giuseppin\\Desktop\\Projetos\\xunit-testes\\XUnit.Api\\XUnit.Test\\bin\\Debug\\net5.0\\fine-code-coverage\\build-output\\XUnit.Test.dll","CodeFilePath":null,"LineNumber":0,"Properties":[]},"Attachments":[],"Outcome":1,"ErrorMessage":null,"ErrorStackTrace":null,"DisplayName":"XUnit.Test.Tests.Controller.GameControllerTests.List_WhenEverythingWorks_ReturnOk(gameService: Substitute.IGameService|03c85085, sut: GameController { ControllerContext = ControllerContext { ActionDescriptor = null, ActionDescriptor = null, HttpContext = null, ModelState = [...], RouteData = null, ... }, HttpContext = null, MetadataProvider = null, ModelBinderFactory = null, ModelState = [], ... }, games: [Games { Description = \"Description89ab3223-168f-42a5-84dd-c9d462c41c1a\", Id = 36, Name = \"Name968ca499-80b0-4758-b6de-7ce221ac2e19\", PermitedAge = 210, Price = 16 }, Games { Description = \"Descriptionfa25d7b9-72fc-488a-82b7-2d15008f4264\", Id = 218, Name = \"Namea658e1f0-8e66-4757-9caa-26bfdebaefb8\", PermitedAge = 193, Price = 101 }, Games { Description = \"Description313db3b7-13e6-426e-b26f-280314a0e52e\", Id = 48, Name = \"Namea295dce0-7163-42e4-a7e4-f58f762588b4\", PermitedAge = 15, Price = 163 }])","Messages":[],"ComputerName":"DESKTOP-C01HEDT","Duration":"00:00:00.0324812","StartTime":"2021-10-13T00:04:49.0556823+00:00","EndTime":"2021-10-13T00:04:49.0556849+00:00","Properties":[]},{"TestCase":{"Id":"05a5d28e-a17e-5ce1-4e03-ee194809aa25","FullyQualifiedName":"XUnit.Test.Tests.Services.GameServiceTests.UpdateGames_WhenGameDontExists_ReturnFail","DisplayName":"XUnit.Test.Tests.Services.GameServiceTests.UpdateGames_WhenGameDontExists_ReturnFail","ExecutorUri":"executor://xunit/VsTestRunner2/netcoreapp","Source":"C:\\Users\\André Giuseppin\\Desktop\\Projetos\\xunit-testes\\XUnit.Api\\XUnit.Test\\bin\\Debug\\net5.0\\fine-code-coverage\\build-output\\XUnit.Test.dll","CodeFilePath":null,"LineNumber":0,"Properties":[]},"Attachments":[],"Outcome":1,"ErrorMessage":null,"ErrorStackTrace":null,"DisplayName":"XUnit.Test.Tests.Services.GameServiceTests.UpdateGames_WhenGameDontExists_ReturnFail(gameRepository: Substitute.IGameRepository|0110dc8e, sut: GameService { }, gamesFull: Games { Description = \"Descriptionfab1dec0-9851-4441-a670-394482338212\", Id = 249, Name = \"Nameef5565a5-487c-4eba-b2ae-49595c3bf235\", PermitedAge = 234, Price = 81 })","Messages":[],"ComputerName":"DESKTOP-C01HEDT","Duration":"00:00:00.0020756","StartTime":"2021-10-13T00:04:49.0593604+00:00","EndTime":"2021-10-13T00:04:49.0593628+00:00","Properties":[]},{"TestCase":{"Id":"7be7dca3-922c-1a79-3b47-15d263ad3ecb","FullyQualifiedName":"XUnit.Test.Tests.Controller.GameControllerTests.Update_WhenEverythingWorks_ReturnOk","DisplayName":"XUnit.Test.Tests.Controller.GameControllerTests.Update_WhenEverythingWorks_ReturnOk","ExecutorUri":"executor://xunit/VsTestRunner2/netcoreapp","Source":"C:\\Users\\André Giuseppin\\Desktop\\Projetos\\xunit-testes\\XUnit.Api\\XUnit.Test\\bin\\Debug\\net5.0\\fine-code-coverage\\build-output\\XUnit.Test.dll","CodeFilePath":null,"LineNumber":0,"Properties":[]},"Attachments":[],"Outcome":1,"ErrorMessage":null,"ErrorStackTrace":null,"DisplayName":"XUnit.Test.Tests.Controller.GameControllerTests.Update_WhenEverythingWorks_ReturnOk(gameService: Substitute.IGameService|00617cb0, sut: GameController { ControllerContext = ControllerContext { ActionDescriptor = null, ActionDescriptor = null, HttpContext = null, ModelState = [...], RouteData = null, ... }, HttpContext = null, MetadataProvider = null, ModelBinderFactory = null, ModelState = [], ... }, games: Games { Description = \"Description359e031c-58d8-4c75-b311-743aef946e5d\", Id = 227, Name = \"Name16dd94cd-4153-4f53-a123-2fa06142b60d\", PermitedAge = 164, Price = 42 }, response: \"responsea67078c0-192e-4e72-ac20-27ac49af501d\")","Messages":[],"ComputerName":"DESKTOP-C01HEDT","Duration":"00:00:00.0023224","StartTime":"2021-10-13T00:04:49.0668775+00:00","EndTime":"2021-10-13T00:04:49.0668808+00:00","Properties":[]},{"TestCase":{"Id":"1fe71247-1b06-2242-c544-061b395a2062","FullyQualifiedName":"XUnit.Test.Tests.Controller.GameControllerTests.Create_WhenEverythingWorks_ReturnOk","DisplayName":"XUnit.Test.Tests.Controller.GameControllerTests.Create_WhenEverythingWorks_ReturnOk","ExecutorUri":"executor://xunit/VsTestRunner2/netcoreapp","Source":"C:\\Users\\André Giuseppin\\Desktop\\Projetos\\xunit-testes\\XUnit.Api\\XUnit.Test\\bin\\Debug\\net5.0\\fine-code-coverage\\build-output\\XUnit.Test.dll","CodeFilePath":null,"LineNumber":0,"Properties":[]},"Attachments":[],"Outcome":1,"ErrorMessage":null,"ErrorStackTrace":null,"DisplayName":"XUnit.Test.Tests.Controller.GameControllerTests.Create_WhenEverythingWorks_ReturnOk(gameService: Substitute.IGameService|02469b8a, sut: GameController { ControllerContext = ControllerContext { ActionDescriptor = null, ActionDescriptor = null, HttpContext = null, ModelState = [...], RouteData = null, ... }, HttpContext = null, MetadataProvider = null, ModelBinderFactory = null, ModelState = [], ... }, games: Games { Description = \"Descriptioncb0d3bc3-8aa7-4ed2-9947-7697de7ff9ce\", Id = 220, Name = \"Nameb1abe728-e746-4eb6-b626-72a249d1e077\", PermitedAge = 227, Price = 222 }, response: \"response2248b00a-f88a-4d52-97f4-6eaefa3c04b0\")","Messages":[],"ComputerName":"DESKTOP-C01HEDT","Duration":"00:00:00.0020141","StartTime":"2021-10-13T00:04:49.0702057+00:00","EndTime":"2021-10-13T00:04:49.0702081+00:00","Properties":[]},{"TestCase":{"Id":"ab520097-b05e-46df-34c3-ddc91575613d","FullyQualifiedName":"XUnit.Test.Tests.Controller.GameControllerTests.GameController_GuardClause","DisplayName":"XUnit.Test.Tests.Controller.GameControllerTests.GameController_GuardClause","ExecutorUri":"executor://xunit/VsTestRunner2/netcoreapp","Source":"C:\\Users\\André Giuseppin\\Desktop\\Projetos\\xunit-testes\\XUnit.Api\\XUnit.Test\\bin\\Debug\\net5.0\\fine-code-coverage\\build-output\\XUnit.Test.dll","CodeFilePath":null,"LineNumber":0,"Properties":[]},"Attachments":[],"Outcome":1,"ErrorMessage":null,"ErrorStackTrace":null,"DisplayName":"XUnit.Test.Tests.Controller.GameControllerTests.GameController_GuardClause(assertion: GuardClauseAssertion { BehaviorExpectation = CompositeBehaviorExpectation { BehaviorExpectations = [...] }, Builder = [[...]] })","Messages":[],"ComputerName":"DESKTOP-C01HEDT","Duration":"00:00:00.0009246","StartTime":"2021-10-13T00:04:49.0732166+00:00","EndTime":"2021-10-13T00:04:49.0732192+00:00","Properties":[]},{"TestCase":{"Id":"9316023c-e4f1-000b-4f63-b90ebb682b5e","FullyQualifiedName":"XUnit.Test.Tests.Services.GameServiceTests.UpdateGames_WhenGameAlreadyExists_ReturnOk","DisplayName":"XUnit.Test.Tests.Services.GameServiceTests.UpdateGames_WhenGameAlreadyExists_ReturnOk","ExecutorUri":"executor://xunit/VsTestRunner2/netcoreapp","Source":"C:\\Users\\André Giuseppin\\Desktop\\Projetos\\xunit-testes\\XUnit.Api\\XUnit.Test\\bin\\Debug\\net5.0\\fine-code-coverage\\build-output\\XUnit.Test.dll","CodeFilePath":null,"LineNumber":0,"Properties":[]},"Attachments":[],"Outcome":1,"ErrorMessage":null,"ErrorStackTrace":null,"DisplayName":"XUnit.Test.Tests.Services.GameServiceTests.UpdateGames_WhenGameAlreadyExists_ReturnOk(gameRepository: Substitute.IGameRepository|02993b41, sut: GameService { }, id: 128, games: Games { Description = \"Description3a341a13-db71-4312-8ee9-97d77a744947\", Id = 121, Name = \"Name23e55e27-8440-4930-8957-ff47894a3acb\", PermitedAge = 114, Price = 160 })","Messages":[],"ComputerName":"DESKTOP-C01HEDT","Duration":"00:00:00.0056282","StartTime":"2021-10-13T00:04:49.0760272+00:00","EndTime":"2021-10-13T00:04:49.0760293+00:00","Properties":[]},{"TestCase":{"Id":"61f9544e-b31c-422e-8a12-0d5a4218afe8","FullyQualifiedName":"XUnit.Test.Tests.Controller.GameControllerTests.Delete_WhenEverythingWorks_ReturnOk","DisplayName":"XUnit.Test.Tests.Controller.GameControllerTests.Delete_WhenEverythingWorks_ReturnOk","ExecutorUri":"executor://xunit/VsTestRunner2/netcoreapp","Source":"C:\\Users\\André Giuseppin\\Desktop\\Projetos\\xunit-testes\\XUnit.Api\\XUnit.Test\\bin\\Debug\\net5.0\\fine-code-coverage\\build-output\\XUnit.Test.dll","CodeFilePath":null,"LineNumber":0,"Properties":[]},"Attachments":[],"Outcome":1,"ErrorMessage":null,"ErrorStackTrace":null,"DisplayName":"XUnit.Test.Tests.Controller.GameControllerTests.Delete_WhenEverythingWorks_ReturnOk(gameService: Substitute.IGameService|0107ec74, sut: GameController { ControllerContext = ControllerContext { ActionDescriptor = null, ActionDescriptor = null, HttpContext = null, ModelState = [...], RouteData = null, ... }, HttpContext = null, MetadataProvider = null, ModelBinderFactory = null, ModelState = [], ... }, id: 109, response: \"responsea0b0956f-7981-488c-a9ea-a6bf65a9a62c\")","Messages":[],"ComputerName":"DESKTOP-C01HEDT","Duration":"00:00:00.0015443","StartTime":"2021-10-13T00:04:49.0786614+00:00","EndTime":"2021-10-13T00:04:49.0786642+00:00","Properties":[]},{"TestCase":{"Id":"a0cdb777-53af-28d0-a429-096645268aeb","FullyQualifiedName":"XUnit.Test.Tests.Services.GameServiceTests.ListGames_WhenEverythingWorks_ReturnOk","DisplayName":"XUnit.Test.Tests.Services.GameServiceTests.ListGames_WhenEverythingWorks_ReturnOk","ExecutorUri":"executor://xunit/VsTestRunner2/netcoreapp","Source":"C:\\Users\\André Giuseppin\\Desktop\\Projetos\\xunit-testes\\XUnit.Api\\XUnit.Test\\bin\\Debug\\net5.0\\fine-code-coverage\\build-output\\XUnit.Test.dll","CodeFilePath":null,"LineNumber":0,"Properties":[]},"Attachments":[],"Outcome":1,"ErrorMessage":null,"ErrorStackTrace":null,"DisplayName":"XUnit.Test.Tests.Services.GameServiceTests.ListGames_WhenEverythingWorks_ReturnOk(gameRepository: Substitute.IGameRepository|00e0ace2, sut: GameService { }, game: [Games { Description = \"Description7a71cc1d-eb6b-4c6f-afd5-472f4731bc0e\", Id = 124, Name = \"Nameb996899c-014b-48a8-b235-d79509428a49\", PermitedAge = 5, Price = 67 }, Games { Description = \"Description61b86f95-0a4e-4382-8a13-3f2e39e30ca5\", Id = 94, Name = \"Name21d11910-aee6-4c8d-898c-0bb2db6c53b3\", PermitedAge = 243, Price = 112 }, Games { Description = \"Description5eaba517-da33-41eb-bc9a-4d47e51f6adf\", Id = 100, Name = \"Name301b9347-15b7-494b-acae-da053fb30d18\", PermitedAge = 19, Price = 237 }])","Messages":[],"ComputerName":"DESKTOP-C01HEDT","Duration":"00:00:00.0221334","StartTime":"2021-10-13T00:04:49.0802034+00:00","EndTime":"2021-10-13T00:04:49.0802043+00:00","Properties":[]},{"TestCase":{"Id":"24d178d0-644d-b1a8-75a0-fdc144713762","FullyQualifiedName":"XUnit.Test.Tests.Services.GameServiceTests.CreateGame_WhenGameDontExists_ReturnOk","DisplayName":"XUnit.Test.Tests.Services.GameServiceTests.CreateGame_WhenGameDontExists_ReturnOk","ExecutorUri":"executor://xunit/VsTestRunner2/netcoreapp","Source":"C:\\Users\\André Giuseppin\\Desktop\\Projetos\\xunit-testes\\XUnit.Api\\XUnit.Test\\bin\\Debug\\net5.0\\fine-code-coverage\\build-output\\XUnit.Test.dll","CodeFilePath":null,"LineNumber":0,"Properties":[]},"Attachments":[],"Outcome":1,"ErrorMessage":null,"ErrorStackTrace":null,"DisplayName":"XUnit.Test.Tests.Services.GameServiceTests.CreateGame_WhenGameDontExists_ReturnOk(gameRepository: Substitute.IGameRepository|03598c68, sut: GameService { }, games: Games { Description = \"Description6998ae78-c13d-40e3-9ed1-5d465f4ae538\", Id = 4, Name = \"Name4cd0870e-1fff-4007-8d78-f27b4c1db2c4\", PermitedAge = 103, Price = 171 })","Messages":[],"ComputerName":"DESKTOP-C01HEDT","Duration":"00:00:00.0022417","StartTime":"2021-10-13T00:04:49.0832481+00:00","EndTime":"2021-10-13T00:04:49.0832506+00:00","Properties":[]}],"TestRunStatistics":{"ExecutedTests":17,"Stats":{"Passed":17}},"ActiveTests":[{"Id":"b3910134-0fb0-154f-c391-89fe27c236e4","FullyQualifiedName":"XUnit.Test.Tests.Services.GameServiceTests.DeleteGame_WhenGameAlreadyExists_ReturnOk","DisplayName":"XUnit.Test.Tests.Services.GameServiceTests.DeleteGame_WhenGameAlreadyExists_ReturnOk","ExecutorUri":"executor://xunit/VsTestRunner2/netcoreapp","Source":"C:\\Users\\André Giuseppin\\Desktop\\Projetos\\xunit-testes\\XUnit.Api\\XUnit.Test\\bin\\Debug\\net5.0\\fine-code-coverage\\build-output\\XUnit.Test.dll","CodeFilePath":null,"LineNumber":0,"Properties":[]}]}}
TpTrace Verbose: 0 : 8200, 13, 2021/10/12, 21:04:49.100, 6346560651353, vstest.console.dll, TestRunRequest:SendTestRunStatsChange: Starting.
TpTrace Verbose: 0 : 8200, 13, 2021/10/12, 21:04:49.100, 6346560652700, vstest.console.dll, InProgress is XUnit.Test.Tests.Services.GameServiceTests.DeleteGame_WhenGameAlreadyExists_ReturnOk
TpTrace Information: 0 : 8200, 13, 2021/10/12, 21:04:49.100, 6346560653497, vstest.console.dll, TestRunRequest:SendTestRunStatsChange: Completed.
TpTrace Verbose: 0 : 8200, 13, 2021/10/12, 21:04:49.100, 6346560654014, vstest.console.dll, TcpClientExtensions.MessageLoopAsync: Polling on remoteEndPoint: 127.0.0.1:58513 localEndPoint: 127.0.0.1:58511
TpTrace Verbose: 0 : 8200, 13, 2021/10/12, 21:04:49.100, 6346560654609, vstest.console.dll, TcpClientExtensions.MessageLoopAsync: NotifyDataAvailable remoteEndPoint: 127.0.0.1:58513 localEndPoint: 127.0.0.1:58511
TpTrace Verbose: 0 : 8200, 13, 2021/10/12, 21:04:49.100, 6346560655425, vstest.console.dll, TestRequestSender.OnExecutionMessageReceived: Received message: {"Version":5,"MessageType":"TestSession.Message","Payload":{"MessageLevel":0,"Message":"[xUnit.net 00:00:01.06]   Finished:    XUnit.Test"}}
TpTrace Verbose: 0 : 8200, 13, 2021/10/12, 21:04:49.101, 6346560656888, vstest.console.dll, TestRunRequest:SendTestRunMessage: Starting.
TpTrace Information: 0 : 8200, 13, 2021/10/12, 21:04:49.101, 6346560657573, vstest.console.dll, TestRunRequest:SendTestRunMessage: Completed.
TpTrace Verbose: 0 : 8200, 13, 2021/10/12, 21:04:49.101, 6346560658041, vstest.console.dll, TcpClientExtensions.MessageLoopAsync: Polling on remoteEndPoint: 127.0.0.1:58513 localEndPoint: 127.0.0.1:58511
TpTrace Verbose: 0 : 8200, 13, 2021/10/12, 21:04:49.110, 6346560754450, vstest.console.dll, TcpClientExtensions.MessageLoopAsync: NotifyDataAvailable remoteEndPoint: 127.0.0.1:58513 localEndPoint: 127.0.0.1:58511
TpTrace Verbose: 0 : 8200, 13, 2021/10/12, 21:04:49.111, 6346560756221, vstest.console.dll, TestRequestSender.OnExecutionMessageReceived: Received message: {"Version":5,"MessageType":"TestExecution.Completed","Payload":{"TestRunCompleteArgs":{"TestRunStatistics":{"ExecutedTests":19,"Stats":{"Passed":19}},"IsCanceled":false,"IsAborted":false,"Error":null,"AttachmentSets":[],"ElapsedTimeInRunningTests":"00:00:01.0813719","Metrics":{}},"LastRunTests":{"NewTestResults":[{"TestCase":{"Id":"b3910134-0fb0-154f-c391-89fe27c236e4","FullyQualifiedName":"XUnit.Test.Tests.Services.GameServiceTests.DeleteGame_WhenGameAlreadyExists_ReturnOk","DisplayName":"XUnit.Test.Tests.Services.GameServiceTests.DeleteGame_WhenGameAlreadyExists_ReturnOk","ExecutorUri":"executor://xunit/VsTestRunner2/netcoreapp","Source":"C:\\Users\\André Giuseppin\\Desktop\\Projetos\\xunit-testes\\XUnit.Api\\XUnit.Test\\bin\\Debug\\net5.0\\fine-code-coverage\\build-output\\XUnit.Test.dll","CodeFilePath":null,"LineNumber":0,"Properties":[]},"Attachments":[],"Outcome":1,"ErrorMessage":null,"ErrorStackTrace":null,"DisplayName":"XUnit.Test.Tests.Services.GameServiceTests.DeleteGame_WhenGameAlreadyExists_ReturnOk(gameRepository: Substitute.IGameRepository|00bb9e9b, sut: GameService { }, id: 6, game: Games { Description = \"Descriptione5b04645-157a-4d10-b059-7f5c68664f25\", Id = 64, Name = \"Name79e9198f-4063-4aad-9ef1-13b81cf0072a\", PermitedAge = 254, Price = 109 })","Messages":[],"ComputerName":"DESKTOP-C01HEDT","Duration":"00:00:00.0016273","StartTime":"2021-10-13T00:04:49.0876418+00:00","EndTime":"2021-10-13T00:04:49.087644+00:00","Properties":[]},{"TestCase":{"Id":"896b36a6-7537-3787-fef5-5839e8642ac6","FullyQualifiedName":"XUnit.Test.Tests.Services.GameServiceTests.CreateGame_WhenGameAlreadyExists_ReturnFail","DisplayName":"XUnit.Test.Tests.Services.GameServiceTests.CreateGame_WhenGameAlreadyExists_ReturnFail","ExecutorUri":"executor://xunit/VsTestRunner2/netcoreapp","Source":"C:\\Users\\André Giuseppin\\Desktop\\Projetos\\xunit-testes\\XUnit.Api\\XUnit.Test\\bin\\Debug\\net5.0\\fine-code-coverage\\build-output\\XUnit.Test.dll","CodeFilePath":null,"LineNumber":0,"Properties":[]},"Attachments":[],"Outcome":1,"ErrorMessage":null,"ErrorStackTrace":null,"DisplayName":"XUnit.Test.Tests.Services.GameServiceTests.CreateGame_WhenGameAlreadyExists_ReturnFail(gameRepository: Substitute.IGameRepository|024ba9c6, sut: GameService { }, games: Games { Description = \"Description7b15e24f-c50f-4704-817c-ca7412d28f2c\", Id = 177, Name = \"Named751c5bd-f01b-49c3-9a81-2a7b9aeb5ec2\", PermitedAge = 105, Price = 181 })","Messages":[],"ComputerName":"DESKTOP-C01HEDT","Duration":"00:00:00.0011087","StartTime":"2021-10-13T00:04:49.0903579+00:00","EndTime":"2021-10-13T00:04:49.0903597+00:00","Properties":[]}],"TestRunStatistics":{"ExecutedTests":19,"Stats":{"Passed":19}},"ActiveTests":[]},"RunAttachments":[],"ExecutorUris":["executor://xunit/VsTestRunner2/netcoreapp"]}}
TpTrace Verbose: 0 : 8200, 13, 2021/10/12, 21:04:49.111, 6346560758840, vstest.console.dll, TestRequestSender.EndSession: Sending end session.
TpTrace Verbose: 0 : 8200, 13, 2021/10/12, 21:04:49.111, 6346560760115, vstest.console.dll, ProxyOperationManager.Close: waiting for test host to exit for 100 ms
TpTrace Warning: 0 : 8200, 12, 2021/10/12, 21:04:49.153, 6346561176420, vstest.console.dll, TestHostManagerCallbacks.ErrorReceivedCallback Test host standard error line: 
TpTrace Verbose: 0 : 8200, 7, 2021/10/12, 21:04:49.168, 6346561329756, vstest.console.dll, TestHostProvider.ExitCallBack: Host exited starting callback.
TpTrace Information: 0 : 8200, 7, 2021/10/12, 21:04:49.169, 6346561338340, vstest.console.dll, TestHostManagerCallbacks.ExitCallBack: Testhost processId: 13148 exited with exitcode: 0 error: ''
TpTrace Verbose: 0 : 8200, 7, 2021/10/12, 21:04:49.169, 6346561339171, vstest.console.dll, DotnetTestHostManager.OnHostExited: invoking OnHostExited callback
TpTrace Verbose: 0 : 8200, 7, 2021/10/12, 21:04:49.169, 6346561340005, vstest.console.dll, CrossPlatEngine.TestHostManagerHostExited: calling on client process exit callback.
TpTrace Information: 0 : 8200, 7, 2021/10/12, 21:04:49.169, 6346561340866, vstest.console.dll, TestRequestSender.OnClientProcessExit: Test host process exited. Standard error: 
TpTrace Warning: 0 : 8200, 13, 2021/10/12, 21:04:49.169, 6346561340881, vstest.console.dll, ProxyOperationManager: Timed out waiting for test host to exit. Will terminate process.
TpTrace Information: 0 : 8200, 7, 2021/10/12, 21:04:49.169, 6346561341601, vstest.console.dll, SocketServer.Stop: Stop server endPoint: 127.0.0.1:58511
TpTrace Information: 0 : 8200, 7, 2021/10/12, 21:04:49.169, 6346561342721, vstest.console.dll, SocketServer.Stop: Cancellation requested. Stopping message loop.
TpTrace Verbose: 0 : 8200, 13, 2021/10/12, 21:04:49.170, 6346561350754, vstest.console.dll, ProxyDataCollectionManager.InvokeDataCollectionServiceAction: Starting.
TpTrace Information: 0 : 8200, 13, 2021/10/12, 21:04:49.170, 6346561351714, vstest.console.dll, ProxyDataCollectionManager.AfterTestRunEnd: Get attachment set for datacollector processId: 2776 port: 58508
TpTrace Verbose: 0 : 8200, 13, 2021/10/12, 21:04:49.170, 6346561352512, vstest.console.dll, DataCollectionRequestSender.SendAfterTestRunStartAndGetResult : Send AfterTestRunEnd message with isCancelled: False
TpTrace Verbose: 0 : 8200, 13, 2021/10/12, 21:04:49.176, 6346561410247, vstest.console.dll, DataCollectionRequestSender.SendAfterTestRunStartAndGetResult : Received message: (DataCollection.AfterTestRunEndResult) -> {
  "AttachmentSets": [],
  "Metrics": {}
}
TpTrace Information: 0 : 8200, 13, 2021/10/12, 21:04:49.179, 6346561440697, vstest.console.dll, ProxyDataCollectionManager.InvokeDataCollectionServiceAction: Completed.
TpTrace Warning: 0 : 8200, 9, 2021/10/12, 21:04:49.182, 6346561472395, vstest.console.dll, DataCollectionLauncher.ErrorReceivedCallback datacollector standard error line: 
TpTrace Information: 0 : 8200, 7, 2021/10/12, 21:04:49.187, 6346561518625, vstest.console.dll, DataCollectionLauncher.ExitCallBack: Data collector exited with exitcode: 0 error: ''
TpTrace Verbose: 0 : 8200, 13, 2021/10/12, 21:04:49.200, 6346561654674, vstest.console.dll, TestRunRequest:SendTestRunStatsChange: Starting.
TpTrace Information: 0 : 8200, 13, 2021/10/12, 21:04:49.201, 6346561655829, vstest.console.dll, TestRunRequest:SendTestRunStatsChange: Completed.
TpTrace Verbose: 0 : 8200, 13, 2021/10/12, 21:04:49.201, 6346561657368, vstest.console.dll, ParallelProxyExecutionManager: HandlePartialRunComplete: Total completed clients = 1, Run complete = True, Run canceled: False.
TpTrace Verbose: 0 : 8200, 13, 2021/10/12, 21:04:49.226, 6346561913584, vstest.console.dll, TestRunRequest:TestRunComplete: Starting. IsAborted:False IsCanceled:False.
TpTrace Verbose: 0 : 8200, 13, 2021/10/12, 21:04:49.227, 6346561916139, vstest.console.dll, TestLoggerManager.HandleTestRunComplete: Ignoring as the object is disposed.
TpTrace Verbose: 0 : 8200, 1, 2021/10/12, 21:04:49.227, 6346561919887, vstest.console.dll, TestRunRequest.Dispose: Starting.
TpTrace Information: 0 : 8200, 13, 2021/10/12, 21:04:49.227, 6346561919927, vstest.console.dll, TestRunRequest:TestRunComplete: Completed.
TpTrace Information: 0 : 8200, 1, 2021/10/12, 21:04:49.227, 6346561921315, vstest.console.dll, TestRunRequest.Dispose: Completed.
TpTrace Verbose: 0 : 8200, 13, 2021/10/12, 21:04:49.227, 6346561921319, vstest.console.dll, TestRequestSender.SetOperationComplete: Setting operation complete.
TpTrace Information: 0 : 8200, 1, 2021/10/12, 21:04:49.227, 6346561921758, vstest.console.dll, TestRequestManager.RunTests: run tests completed.
TpTrace Information: 0 : 8200, 13, 2021/10/12, 21:04:49.227, 6346561922393, vstest.console.dll, SocketServer.Stop: Stop server endPoint: 127.0.0.1:58511
TpTrace Information: 0 : 8200, 1, 2021/10/12, 21:04:49.227, 6346561922964, vstest.console.dll, RunTestsArgumentProcessor:Execute: Test run is completed.
TpTrace Information: 0 : 8200, 13, 2021/10/12, 21:04:49.227, 6346561923008, vstest.console.dll, SocketServer.Stop: Cancellation requested. Stopping message loop.
TpTrace Information: 0 : 8200, 13, 2021/10/12, 21:04:49.227, 6346561923880, vstest.console.dll, SocketServer.PrivateStop: Stop server endPoint: 127.0.0.1:58511 error: 
TpTrace Verbose: 0 : 8200, 1, 2021/10/12, 21:04:49.227, 6346561924650, vstest.console.dll, Executor.Execute: Exiting with exit code of 0
